2022-11-11 15:30:40 [INFO] [Train] Epoch: 1, Loss: 0.72569
2022-11-11 15:30:40 [INFO] [Train] Epoch: 2, Loss: 1.91881
2022-11-11 15:30:40 [INFO] [Train] Epoch: 3, Loss: 0.85122
2022-11-11 15:30:40 [INFO] [Train] Epoch: 4, Loss: 0.84424
2022-11-11 15:30:40 [INFO] [Train] Epoch: 5, Loss: 0.97905
2022-11-11 15:30:40 [INFO] [Train] Epoch: 6, Loss: 0.80842
2022-11-11 15:30:40 [INFO] [Train] Epoch: 7, Loss: 0.70770
2022-11-11 15:30:40 [INFO] [Train] Epoch: 8, Loss: 0.81952
2022-11-11 15:30:40 [INFO] [Train] Epoch: 9, Loss: 0.85577
2022-11-11 15:30:40 [INFO] [Train] Epoch: 10, Loss: 0.77767
2022-11-11 15:30:42 [WARNING] Linear模型尚未完全收敛！
2022-11-11 15:30:42 [INFO] [Val] Epoch: 10, Val F1-Micro: 0.6980, Best Val F1-Micro: 0.6980 (in Epoch 10), Val F1-Macro: 0.6967, Best Val F1-Macro: 0.6967 (in Epoch 10)
2022-11-11 15:30:42 [INFO] [Test] Epoch: 10, Test F1-Micro: 0.7370, Best Test F1-Micro: 0.7370 (in Epoch 10), Test F1-Macro: 0.7203, Best Test F1-Macro: 0.7203 (in Epoch 10)
2022-11-11 15:30:42 [INFO] [Train] Epoch: 11, Loss: 0.69700
2022-11-11 15:30:42 [INFO] [Train] Epoch: 12, Loss: 0.69160
2022-11-11 15:30:42 [INFO] [Train] Epoch: 13, Loss: 0.73133
2022-11-11 15:30:42 [INFO] [Train] Epoch: 14, Loss: 0.75298
2022-11-11 15:30:42 [INFO] [Train] Epoch: 15, Loss: 0.73103
2022-11-11 15:30:42 [INFO] [Train] Epoch: 16, Loss: 0.68949
2022-11-11 15:30:42 [INFO] [Train] Epoch: 17, Loss: 0.66880
2022-11-11 15:30:43 [INFO] [Train] Epoch: 18, Loss: 0.68192
2022-11-11 15:30:43 [INFO] [Train] Epoch: 19, Loss: 0.70213
2022-11-11 15:30:43 [INFO] [Train] Epoch: 20, Loss: 0.69535
2022-11-11 15:30:45 [INFO] [Val] Epoch: 20, Val F1-Micro: 0.7040, Best Val F1-Micro: 0.7040 (in Epoch 20), Val F1-Macro: 0.7008, Best Val F1-Macro: 0.7008 (in Epoch 20)
2022-11-11 15:30:45 [INFO] [Test] Epoch: 20, Test F1-Micro: 0.7390, Best Test F1-Micro: 0.7390 (in Epoch 20), Test F1-Macro: 0.7194, Best Test F1-Macro: 0.7203 (in Epoch 10)
2022-11-11 15:30:45 [INFO] [Train] Epoch: 21, Loss: 0.67022
2022-11-11 15:30:45 [INFO] [Train] Epoch: 22, Loss: 0.65191
2022-11-11 15:30:45 [INFO] [Train] Epoch: 23, Loss: 0.65367
2022-11-11 15:30:45 [INFO] [Train] Epoch: 24, Loss: 0.66247
2022-11-11 15:30:45 [INFO] [Train] Epoch: 25, Loss: 0.66484
2022-11-11 15:30:45 [INFO] [Train] Epoch: 26, Loss: 0.65301
2022-11-11 15:30:45 [INFO] [Train] Epoch: 27, Loss: 0.63633
2022-11-11 15:30:45 [INFO] [Train] Epoch: 28, Loss: 0.62857
2022-11-11 15:30:45 [INFO] [Train] Epoch: 29, Loss: 0.63092
2022-11-11 15:30:45 [INFO] [Train] Epoch: 30, Loss: 0.63509
2022-11-11 15:30:47 [WARNING] Linear模型尚未完全收敛！
2022-11-11 15:30:47 [INFO] [Val] Epoch: 30, Val F1-Micro: 0.7220, Best Val F1-Micro: 0.7220 (in Epoch 30), Val F1-Macro: 0.7221, Best Val F1-Macro: 0.7221 (in Epoch 30)
2022-11-11 15:30:47 [INFO] [Test] Epoch: 30, Test F1-Micro: 0.7530, Best Test F1-Micro: 0.7530 (in Epoch 30), Test F1-Macro: 0.7354, Best Test F1-Macro: 0.7354 (in Epoch 30)
2022-11-11 15:30:47 [INFO] [Train] Epoch: 31, Loss: 0.62589
2022-11-11 15:30:47 [INFO] [Train] Epoch: 32, Loss: 0.61309
2022-11-11 15:30:47 [INFO] [Train] Epoch: 33, Loss: 0.60242
2022-11-11 15:30:47 [INFO] [Train] Epoch: 34, Loss: 0.60385
2022-11-11 15:30:47 [INFO] [Train] Epoch: 35, Loss: 0.60168
2022-11-11 15:30:48 [INFO] [Train] Epoch: 36, Loss: 0.58685
2022-11-11 15:30:48 [INFO] [Train] Epoch: 37, Loss: 0.57803
2022-11-11 15:30:48 [INFO] [Train] Epoch: 38, Loss: 0.56534
2022-11-11 15:30:48 [INFO] [Train] Epoch: 39, Loss: 0.56312
2022-11-11 15:30:48 [INFO] [Train] Epoch: 40, Loss: 0.55232
2022-11-11 15:30:50 [INFO] [Val] Epoch: 40, Val F1-Micro: 0.7300, Best Val F1-Micro: 0.7300 (in Epoch 40), Val F1-Macro: 0.7271, Best Val F1-Macro: 0.7271 (in Epoch 40)
2022-11-11 15:30:50 [INFO] [Test] Epoch: 40, Test F1-Micro: 0.7700, Best Test F1-Micro: 0.7700 (in Epoch 40), Test F1-Macro: 0.7550, Best Test F1-Macro: 0.7550 (in Epoch 40)
2022-11-11 15:30:50 [INFO] [Train] Epoch: 41, Loss: 0.53969
2022-11-11 15:30:50 [INFO] [Train] Epoch: 42, Loss: 0.52972
2022-11-11 15:30:50 [INFO] [Train] Epoch: 43, Loss: 0.52405
2022-11-11 15:30:50 [INFO] [Train] Epoch: 44, Loss: 0.50626
2022-11-11 15:30:50 [INFO] [Train] Epoch: 45, Loss: 0.49171
2022-11-11 15:30:50 [INFO] [Train] Epoch: 46, Loss: 0.47828
2022-11-11 15:30:50 [INFO] [Train] Epoch: 47, Loss: 0.46625
2022-11-11 15:30:50 [INFO] [Train] Epoch: 48, Loss: 0.44665
2022-11-11 15:30:50 [INFO] [Train] Epoch: 49, Loss: 0.44022
2022-11-11 15:30:50 [INFO] [Train] Epoch: 50, Loss: 0.42344
2022-11-11 15:30:52 [INFO] [Val] Epoch: 50, Val F1-Micro: 0.7420, Best Val F1-Micro: 0.7420 (in Epoch 50), Val F1-Macro: 0.7416, Best Val F1-Macro: 0.7416 (in Epoch 50)
2022-11-11 15:30:52 [INFO] [Test] Epoch: 50, Test F1-Micro: 0.7770, Best Test F1-Micro: 0.7770 (in Epoch 50), Test F1-Macro: 0.7661, Best Test F1-Macro: 0.7661 (in Epoch 50)
2022-11-11 15:30:52 [INFO] [Train] Epoch: 51, Loss: 0.40914
2022-11-11 15:30:52 [INFO] [Train] Epoch: 52, Loss: 0.38898
2022-11-11 15:30:53 [INFO] [Train] Epoch: 53, Loss: 0.37400
2022-11-11 15:30:53 [INFO] [Train] Epoch: 54, Loss: 0.35919
2022-11-11 15:30:53 [INFO] [Train] Epoch: 55, Loss: 0.35004
2022-11-11 15:30:53 [INFO] [Train] Epoch: 56, Loss: 0.33233
2022-11-11 15:30:53 [INFO] [Train] Epoch: 57, Loss: 0.31893
2022-11-11 15:30:53 [INFO] [Train] Epoch: 58, Loss: 0.30289
2022-11-11 15:30:53 [INFO] [Train] Epoch: 59, Loss: 0.29315
2022-11-11 15:30:53 [INFO] [Train] Epoch: 60, Loss: 0.27726
2022-11-11 15:30:55 [WARNING] Linear模型尚未完全收敛！
2022-11-11 15:30:55 [INFO] [Val] Epoch: 60, Val F1-Micro: 0.7420, Best Val F1-Micro: 0.7420 (in Epoch 50), Val F1-Macro: 0.7365, Best Val F1-Macro: 0.7416 (in Epoch 50)
2022-11-11 15:30:55 [INFO] [Test] Epoch: 60, Test F1-Micro: 0.7920, Best Test F1-Micro: 0.7920 (in Epoch 60), Test F1-Macro: 0.7775, Best Test F1-Macro: 0.7775 (in Epoch 60)
2022-11-11 15:30:55 [INFO] [Train] Epoch: 61, Loss: 0.27131
2022-11-11 15:30:55 [INFO] [Train] Epoch: 62, Loss: 0.25610
2022-11-11 15:30:55 [INFO] [Train] Epoch: 63, Loss: 0.24223
2022-11-11 15:30:55 [INFO] [Train] Epoch: 64, Loss: 0.23045
2022-11-11 15:30:55 [INFO] [Train] Epoch: 65, Loss: 0.21988
2022-11-11 15:30:55 [INFO] [Train] Epoch: 66, Loss: 0.21024
2022-11-11 15:30:55 [INFO] [Train] Epoch: 67, Loss: 0.20388
2022-11-11 15:30:55 [INFO] [Train] Epoch: 68, Loss: 0.20099
2022-11-11 15:30:55 [INFO] [Train] Epoch: 69, Loss: 0.19162
2022-11-11 15:30:55 [INFO] [Train] Epoch: 70, Loss: 0.17946
2022-11-11 15:30:57 [INFO] [Val] Epoch: 70, Val F1-Micro: 0.7540, Best Val F1-Micro: 0.7540 (in Epoch 70), Val F1-Macro: 0.7539, Best Val F1-Macro: 0.7539 (in Epoch 70)
2022-11-11 15:30:57 [INFO] [Test] Epoch: 70, Test F1-Micro: 0.8080, Best Test F1-Micro: 0.8080 (in Epoch 70), Test F1-Macro: 0.7936, Best Test F1-Macro: 0.7936 (in Epoch 70)
2022-11-11 15:30:57 [INFO] [Train] Epoch: 71, Loss: 0.17933
2022-11-11 15:30:57 [INFO] [Train] Epoch: 72, Loss: 0.17016
2022-11-11 15:30:58 [INFO] [Train] Epoch: 73, Loss: 0.15950
2022-11-11 15:30:58 [INFO] [Train] Epoch: 74, Loss: 0.15191
2022-11-11 15:30:58 [INFO] [Train] Epoch: 75, Loss: 0.15647
2022-11-11 15:30:58 [INFO] [Train] Epoch: 76, Loss: 0.14453
2022-11-11 15:30:58 [INFO] [Train] Epoch: 77, Loss: 0.14358
2022-11-11 15:30:58 [INFO] [Train] Epoch: 78, Loss: 0.13727
2022-11-11 15:30:58 [INFO] [Train] Epoch: 79, Loss: 0.12574
2022-11-11 15:30:58 [INFO] [Train] Epoch: 80, Loss: 0.11944
2022-11-11 15:31:00 [INFO] [Val] Epoch: 80, Val F1-Micro: 0.7480, Best Val F1-Micro: 0.7540 (in Epoch 70), Val F1-Macro: 0.7430, Best Val F1-Macro: 0.7539 (in Epoch 70)
2022-11-11 15:31:00 [INFO] [Test] Epoch: 80, Test F1-Micro: 0.8110, Best Test F1-Micro: 0.8110 (in Epoch 80), Test F1-Macro: 0.7950, Best Test F1-Macro: 0.7950 (in Epoch 80)
2022-11-11 15:31:00 [INFO] [Train] Epoch: 81, Loss: 0.13431
2022-11-11 15:31:00 [INFO] [Train] Epoch: 82, Loss: 0.12037
2022-11-11 15:31:00 [INFO] [Train] Epoch: 83, Loss: 0.11463
2022-11-11 15:31:00 [INFO] [Train] Epoch: 84, Loss: 0.10883
2022-11-11 15:31:00 [INFO] [Train] Epoch: 85, Loss: 0.11130
2022-11-11 15:31:00 [INFO] [Train] Epoch: 86, Loss: 0.10717
2022-11-11 15:31:00 [INFO] [Train] Epoch: 87, Loss: 0.09795
2022-11-11 15:31:00 [INFO] [Train] Epoch: 88, Loss: 0.10572
2022-11-11 15:31:00 [INFO] [Train] Epoch: 89, Loss: 0.10415
2022-11-11 15:31:00 [INFO] [Train] Epoch: 90, Loss: 0.09818
2022-11-11 15:31:02 [INFO] [Val] Epoch: 90, Val F1-Micro: 0.7620, Best Val F1-Micro: 0.7620 (in Epoch 90), Val F1-Macro: 0.7589, Best Val F1-Macro: 0.7589 (in Epoch 90)
2022-11-11 15:31:02 [INFO] [Test] Epoch: 90, Test F1-Micro: 0.8110, Best Test F1-Micro: 0.8110 (in Epoch 80), Test F1-Macro: 0.7966, Best Test F1-Macro: 0.7966 (in Epoch 90)
2022-11-11 15:31:02 [INFO] [Train] Epoch: 91, Loss: 0.08628
2022-11-11 15:31:02 [INFO] [Train] Epoch: 92, Loss: 0.09183
2022-11-11 15:31:02 [INFO] [Train] Epoch: 93, Loss: 0.08597
2022-11-11 15:31:02 [INFO] [Train] Epoch: 94, Loss: 0.09030
2022-11-11 15:31:03 [INFO] [Train] Epoch: 95, Loss: 0.08388
2022-11-11 15:31:03 [INFO] [Train] Epoch: 96, Loss: 0.08533
2022-11-11 15:31:03 [INFO] [Train] Epoch: 97, Loss: 0.07477
2022-11-11 15:31:03 [INFO] [Train] Epoch: 98, Loss: 0.07870
2022-11-11 15:31:03 [INFO] [Train] Epoch: 99, Loss: 0.07226
2022-11-11 15:31:03 [INFO] [Train] Epoch: 100, Loss: 0.06177
2022-11-11 15:31:05 [INFO] [Val] Epoch: 100, Val F1-Micro: 0.7640, Best Val F1-Micro: 0.7640 (in Epoch 100), Val F1-Macro: 0.7588, Best Val F1-Macro: 0.7589 (in Epoch 90)
2022-11-11 15:31:05 [INFO] [Test] Epoch: 100, Test F1-Micro: 0.8220, Best Test F1-Micro: 0.8220 (in Epoch 100), Test F1-Macro: 0.8064, Best Test F1-Macro: 0.8064 (in Epoch 100)
2022-11-11 15:31:05 [INFO] [Train] Epoch: 101, Loss: 0.06871
2022-11-11 15:31:05 [INFO] [Train] Epoch: 102, Loss: 0.07148
2022-11-11 15:31:05 [INFO] [Train] Epoch: 103, Loss: 0.07589
2022-11-11 15:31:05 [INFO] [Train] Epoch: 104, Loss: 0.06915
2022-11-11 15:31:05 [INFO] [Train] Epoch: 105, Loss: 0.06260
2022-11-11 15:31:05 [INFO] [Train] Epoch: 106, Loss: 0.05644
2022-11-11 15:31:05 [INFO] [Train] Epoch: 107, Loss: 0.07473
2022-11-11 15:31:05 [INFO] [Train] Epoch: 108, Loss: 0.05818
2022-11-11 15:31:05 [INFO] [Train] Epoch: 109, Loss: 0.05817
2022-11-11 15:31:05 [INFO] [Train] Epoch: 110, Loss: 0.05781
2022-11-11 15:31:07 [INFO] [Val] Epoch: 110, Val F1-Micro: 0.7800, Best Val F1-Micro: 0.7800 (in Epoch 110), Val F1-Macro: 0.7735, Best Val F1-Macro: 0.7735 (in Epoch 110)
2022-11-11 15:31:07 [INFO] [Test] Epoch: 110, Test F1-Micro: 0.8240, Best Test F1-Micro: 0.8240 (in Epoch 110), Test F1-Macro: 0.8068, Best Test F1-Macro: 0.8068 (in Epoch 110)
2022-11-11 15:31:07 [INFO] [Train] Epoch: 111, Loss: 0.05460
2022-11-11 15:31:07 [INFO] [Train] Epoch: 112, Loss: 0.05368
2022-11-11 15:31:07 [INFO] [Train] Epoch: 113, Loss: 0.05174
2022-11-11 15:31:07 [INFO] [Train] Epoch: 114, Loss: 0.04994
2022-11-11 15:31:07 [INFO] [Train] Epoch: 115, Loss: 0.05293
2022-11-11 15:31:07 [INFO] [Train] Epoch: 116, Loss: 0.05005
2022-11-11 15:31:07 [INFO] [Train] Epoch: 117, Loss: 0.04605
2022-11-11 15:31:07 [INFO] [Train] Epoch: 118, Loss: 0.04743
2022-11-11 15:31:07 [INFO] [Train] Epoch: 119, Loss: 0.04762
2022-11-11 15:31:07 [INFO] [Train] Epoch: 120, Loss: 0.04348
2022-11-11 15:31:10 [INFO] [Val] Epoch: 120, Val F1-Micro: 0.7780, Best Val F1-Micro: 0.7800 (in Epoch 110), Val F1-Macro: 0.7673, Best Val F1-Macro: 0.7735 (in Epoch 110)
2022-11-11 15:31:10 [INFO] [Test] Epoch: 120, Test F1-Micro: 0.8200, Best Test F1-Micro: 0.8240 (in Epoch 110), Test F1-Macro: 0.8045, Best Test F1-Macro: 0.8068 (in Epoch 110)
2022-11-11 15:31:10 [INFO] [Train] Epoch: 121, Loss: 0.04495
2022-11-11 15:31:10 [INFO] [Train] Epoch: 122, Loss: 0.04970
2022-11-11 15:31:10 [INFO] [Train] Epoch: 123, Loss: 0.04649
2022-11-11 15:31:10 [INFO] [Train] Epoch: 124, Loss: 0.04949
2022-11-11 15:31:10 [INFO] [Train] Epoch: 125, Loss: 0.04733
2022-11-11 15:31:10 [INFO] [Train] Epoch: 126, Loss: 0.04259
2022-11-11 15:31:10 [INFO] [Train] Epoch: 127, Loss: 0.04346
2022-11-11 15:31:10 [INFO] [Train] Epoch: 128, Loss: 0.03989
2022-11-11 15:31:10 [INFO] [Train] Epoch: 129, Loss: 0.04182
2022-11-11 15:31:10 [INFO] [Train] Epoch: 130, Loss: 0.03779
2022-11-11 15:31:12 [INFO] [Val] Epoch: 130, Val F1-Micro: 0.7800, Best Val F1-Micro: 0.7800 (in Epoch 110), Val F1-Macro: 0.7699, Best Val F1-Macro: 0.7735 (in Epoch 110)
2022-11-11 15:31:12 [INFO] [Test] Epoch: 130, Test F1-Micro: 0.8230, Best Test F1-Micro: 0.8240 (in Epoch 110), Test F1-Macro: 0.8074, Best Test F1-Macro: 0.8074 (in Epoch 130)
2022-11-11 15:31:12 [INFO] [Train] Epoch: 131, Loss: 0.03495
2022-11-11 15:31:12 [INFO] [Train] Epoch: 132, Loss: 0.03868
2022-11-11 15:31:12 [INFO] [Train] Epoch: 133, Loss: 0.03385
2022-11-11 15:31:12 [INFO] [Train] Epoch: 134, Loss: 0.03060
2022-11-11 15:31:12 [INFO] [Train] Epoch: 135, Loss: 0.03450
2022-11-11 15:31:12 [INFO] [Train] Epoch: 136, Loss: 0.03212
2022-11-11 15:31:12 [INFO] [Train] Epoch: 137, Loss: 0.03460
2022-11-11 15:31:12 [INFO] [Train] Epoch: 138, Loss: 0.03140
2022-11-11 15:31:12 [INFO] [Train] Epoch: 139, Loss: 0.03258
2022-11-11 15:31:12 [INFO] [Train] Epoch: 140, Loss: 0.02933
2022-11-11 15:31:14 [INFO] [Val] Epoch: 140, Val F1-Micro: 0.7880, Best Val F1-Micro: 0.7880 (in Epoch 140), Val F1-Macro: 0.7745, Best Val F1-Macro: 0.7745 (in Epoch 140)
2022-11-11 15:31:14 [INFO] [Test] Epoch: 140, Test F1-Micro: 0.8250, Best Test F1-Micro: 0.8250 (in Epoch 140), Test F1-Macro: 0.8084, Best Test F1-Macro: 0.8084 (in Epoch 140)
2022-11-11 15:31:14 [INFO] [Train] Epoch: 141, Loss: 0.03115
2022-11-11 15:31:14 [INFO] [Train] Epoch: 142, Loss: 0.03165
2022-11-11 15:31:14 [INFO] [Train] Epoch: 143, Loss: 0.03014
2022-11-11 15:31:14 [INFO] [Train] Epoch: 144, Loss: 0.02650
2022-11-11 15:31:15 [INFO] [Train] Epoch: 145, Loss: 0.02684
2022-11-11 15:31:15 [INFO] [Train] Epoch: 146, Loss: 0.02763
2022-11-11 15:31:15 [INFO] [Train] Epoch: 147, Loss: 0.02601
2022-11-11 15:31:15 [INFO] [Train] Epoch: 148, Loss: 0.02844
2022-11-11 15:31:15 [INFO] [Train] Epoch: 149, Loss: 0.02422
2022-11-11 15:31:15 [INFO] [Train] Epoch: 150, Loss: 0.02645
2022-11-11 15:31:17 [INFO] [Val] Epoch: 150, Val F1-Micro: 0.7880, Best Val F1-Micro: 0.7880 (in Epoch 140), Val F1-Macro: 0.7757, Best Val F1-Macro: 0.7757 (in Epoch 150)
2022-11-11 15:31:17 [INFO] [Test] Epoch: 150, Test F1-Micro: 0.8210, Best Test F1-Micro: 0.8250 (in Epoch 140), Test F1-Macro: 0.8044, Best Test F1-Macro: 0.8084 (in Epoch 140)
2022-11-11 15:31:17 [INFO] [Train] Epoch: 151, Loss: 0.02691
2022-11-11 15:31:17 [INFO] [Train] Epoch: 152, Loss: 0.02595
2022-11-11 15:31:17 [INFO] [Train] Epoch: 153, Loss: 0.02676
2022-11-11 15:31:17 [INFO] [Train] Epoch: 154, Loss: 0.02249
2022-11-11 15:31:17 [INFO] [Train] Epoch: 155, Loss: 0.02759
2022-11-11 15:31:17 [INFO] [Train] Epoch: 156, Loss: 0.02073
2022-11-11 15:31:17 [INFO] [Train] Epoch: 157, Loss: 0.02417
2022-11-11 15:31:17 [INFO] [Train] Epoch: 158, Loss: 0.02180
2022-11-11 15:31:17 [INFO] [Train] Epoch: 159, Loss: 0.01988
2022-11-11 15:31:17 [INFO] [Train] Epoch: 160, Loss: 0.02091
2022-11-11 15:31:19 [INFO] [Val] Epoch: 160, Val F1-Micro: 0.7920, Best Val F1-Micro: 0.7920 (in Epoch 160), Val F1-Macro: 0.7807, Best Val F1-Macro: 0.7807 (in Epoch 160)
2022-11-11 15:31:19 [INFO] [Test] Epoch: 160, Test F1-Micro: 0.8220, Best Test F1-Micro: 0.8250 (in Epoch 140), Test F1-Macro: 0.8066, Best Test F1-Macro: 0.8084 (in Epoch 140)
2022-11-11 15:31:19 [INFO] [Train] Epoch: 161, Loss: 0.01986
2022-11-11 15:31:19 [INFO] [Train] Epoch: 162, Loss: 0.02252
2022-11-11 15:31:19 [INFO] [Train] Epoch: 163, Loss: 0.02032
2022-11-11 15:31:19 [INFO] [Train] Epoch: 164, Loss: 0.02190
2022-11-11 15:31:19 [INFO] [Train] Epoch: 165, Loss: 0.02170
2022-11-11 15:31:19 [INFO] [Train] Epoch: 166, Loss: 0.02182
2022-11-11 15:31:19 [INFO] [Train] Epoch: 167, Loss: 0.02204
2022-11-11 15:31:19 [INFO] [Train] Epoch: 168, Loss: 0.01921
2022-11-11 15:31:19 [INFO] [Train] Epoch: 169, Loss: 0.01750
2022-11-11 15:31:19 [INFO] [Train] Epoch: 170, Loss: 0.02342
2022-11-11 15:31:22 [INFO] [Val] Epoch: 170, Val F1-Micro: 0.7920, Best Val F1-Micro: 0.7920 (in Epoch 160), Val F1-Macro: 0.7816, Best Val F1-Macro: 0.7816 (in Epoch 170)
2022-11-11 15:31:22 [INFO] [Test] Epoch: 170, Test F1-Micro: 0.8220, Best Test F1-Micro: 0.8250 (in Epoch 140), Test F1-Macro: 0.8064, Best Test F1-Macro: 0.8084 (in Epoch 140)
2022-11-11 15:31:22 [INFO] [Train] Epoch: 171, Loss: 0.01786
2022-11-11 15:31:22 [INFO] [Train] Epoch: 172, Loss: 0.01736
2022-11-11 15:31:22 [INFO] [Train] Epoch: 173, Loss: 0.02035
2022-11-11 15:31:22 [INFO] [Train] Epoch: 174, Loss: 0.01841
2022-11-11 15:31:22 [INFO] [Train] Epoch: 175, Loss: 0.01570
2022-11-11 15:31:22 [INFO] [Train] Epoch: 176, Loss: 0.01743
2022-11-11 15:31:22 [INFO] [Train] Epoch: 177, Loss: 0.01564
2022-11-11 15:31:22 [INFO] [Train] Epoch: 178, Loss: 0.01636
2022-11-11 15:31:22 [INFO] [Train] Epoch: 179, Loss: 0.01726
2022-11-11 15:31:22 [INFO] [Train] Epoch: 180, Loss: 0.01642
2022-11-11 15:31:24 [WARNING] Linear模型尚未完全收敛！
2022-11-11 15:31:24 [INFO] [Val] Epoch: 180, Val F1-Micro: 0.7940, Best Val F1-Micro: 0.7940 (in Epoch 180), Val F1-Macro: 0.7819, Best Val F1-Macro: 0.7819 (in Epoch 180)
2022-11-11 15:31:24 [INFO] [Test] Epoch: 180, Test F1-Micro: 0.8220, Best Test F1-Micro: 0.8250 (in Epoch 140), Test F1-Macro: 0.8046, Best Test F1-Macro: 0.8084 (in Epoch 140)
2022-11-11 15:31:24 [INFO] [Train] Epoch: 181, Loss: 0.01898
2022-11-11 15:31:24 [INFO] [Train] Epoch: 182, Loss: 0.01674
2022-11-11 15:31:24 [INFO] [Train] Epoch: 183, Loss: 0.01589
2022-11-11 15:31:24 [INFO] [Train] Epoch: 184, Loss: 0.01701
2022-11-11 15:31:24 [INFO] [Train] Epoch: 185, Loss: 0.01476
2022-11-11 15:31:24 [INFO] [Train] Epoch: 186, Loss: 0.01551
2022-11-11 15:31:24 [INFO] [Train] Epoch: 187, Loss: 0.01675
2022-11-11 15:31:24 [INFO] [Train] Epoch: 188, Loss: 0.01383
2022-11-11 15:31:24 [INFO] [Train] Epoch: 189, Loss: 0.01730
2022-11-11 15:31:24 [INFO] [Train] Epoch: 190, Loss: 0.01414
2022-11-11 15:31:27 [INFO] [Val] Epoch: 190, Val F1-Micro: 0.7980, Best Val F1-Micro: 0.7980 (in Epoch 190), Val F1-Macro: 0.7870, Best Val F1-Macro: 0.7870 (in Epoch 190)
2022-11-11 15:31:27 [INFO] [Test] Epoch: 190, Test F1-Micro: 0.8230, Best Test F1-Micro: 0.8250 (in Epoch 140), Test F1-Macro: 0.8063, Best Test F1-Macro: 0.8084 (in Epoch 140)
2022-11-11 15:31:27 [INFO] [Train] Epoch: 191, Loss: 0.01668
2022-11-11 15:31:27 [INFO] [Train] Epoch: 192, Loss: 0.01375
2022-11-11 15:31:27 [INFO] [Train] Epoch: 193, Loss: 0.01321
2022-11-11 15:31:27 [INFO] [Train] Epoch: 194, Loss: 0.01467
2022-11-11 15:31:27 [INFO] [Train] Epoch: 195, Loss: 0.01520
2022-11-11 15:31:27 [INFO] [Train] Epoch: 196, Loss: 0.01369
2022-11-11 15:31:27 [INFO] [Train] Epoch: 197, Loss: 0.01338
2022-11-11 15:31:27 [INFO] [Train] Epoch: 198, Loss: 0.01150
2022-11-11 15:31:27 [INFO] [Train] Epoch: 199, Loss: 0.01161
2022-11-11 15:31:27 [INFO] [Train] Epoch: 200, Loss: 0.01399
2022-11-11 15:31:29 [INFO] [Val] Epoch: 200, Val F1-Micro: 0.7980, Best Val F1-Micro: 0.7980 (in Epoch 190), Val F1-Macro: 0.7880, Best Val F1-Macro: 0.7880 (in Epoch 200)
2022-11-11 15:31:29 [INFO] [Test] Epoch: 200, Test F1-Micro: 0.8280, Best Test F1-Micro: 0.8280 (in Epoch 200), Test F1-Macro: 0.8104, Best Test F1-Macro: 0.8104 (in Epoch 200)
2022-11-11 15:31:29 [INFO] [Train] Epoch: 201, Loss: 0.01310
2022-11-11 15:31:29 [INFO] [Train] Epoch: 202, Loss: 0.01156
2022-11-11 15:31:29 [INFO] [Train] Epoch: 203, Loss: 0.01340
2022-11-11 15:31:29 [INFO] [Train] Epoch: 204, Loss: 0.01701
2022-11-11 15:31:29 [INFO] [Train] Epoch: 205, Loss: 0.01150
2022-11-11 15:31:29 [INFO] [Train] Epoch: 206, Loss: 0.01145
2022-11-11 15:31:29 [INFO] [Train] Epoch: 207, Loss: 0.01221
2022-11-11 15:31:29 [INFO] [Train] Epoch: 208, Loss: 0.01319
2022-11-11 15:31:29 [INFO] [Train] Epoch: 209, Loss: 0.01157
2022-11-11 15:31:29 [INFO] [Train] Epoch: 210, Loss: 0.01188
2022-11-11 15:31:31 [INFO] [Val] Epoch: 210, Val F1-Micro: 0.8040, Best Val F1-Micro: 0.8040 (in Epoch 210), Val F1-Macro: 0.7912, Best Val F1-Macro: 0.7912 (in Epoch 210)
2022-11-11 15:31:31 [INFO] [Test] Epoch: 210, Test F1-Micro: 0.8270, Best Test F1-Micro: 0.8280 (in Epoch 200), Test F1-Macro: 0.8069, Best Test F1-Macro: 0.8104 (in Epoch 200)
2022-11-11 15:31:31 [INFO] [Train] Epoch: 211, Loss: 0.01356
2022-11-11 15:31:31 [INFO] [Train] Epoch: 212, Loss: 0.01124
2022-11-11 15:31:31 [INFO] [Train] Epoch: 213, Loss: 0.01199
2022-11-11 15:31:31 [INFO] [Train] Epoch: 214, Loss: 0.01054
2022-11-11 15:31:31 [INFO] [Train] Epoch: 215, Loss: 0.01128
2022-11-11 15:31:32 [INFO] [Train] Epoch: 216, Loss: 0.01314
2022-11-11 15:31:32 [INFO] [Train] Epoch: 217, Loss: 0.01088
2022-11-11 15:31:32 [INFO] [Train] Epoch: 218, Loss: 0.01201
2022-11-11 15:31:32 [INFO] [Train] Epoch: 219, Loss: 0.01062
2022-11-11 15:31:32 [INFO] [Train] Epoch: 220, Loss: 0.01069
2022-11-11 15:31:34 [INFO] [Val] Epoch: 220, Val F1-Micro: 0.7940, Best Val F1-Micro: 0.8040 (in Epoch 210), Val F1-Macro: 0.7833, Best Val F1-Macro: 0.7912 (in Epoch 210)
2022-11-11 15:31:34 [INFO] [Test] Epoch: 220, Test F1-Micro: 0.8250, Best Test F1-Micro: 0.8280 (in Epoch 200), Test F1-Macro: 0.8068, Best Test F1-Macro: 0.8104 (in Epoch 200)
2022-11-11 15:31:34 [INFO] [Train] Epoch: 221, Loss: 0.00902
2022-11-11 15:31:34 [INFO] [Train] Epoch: 222, Loss: 0.01203
2022-11-11 15:31:34 [INFO] [Train] Epoch: 223, Loss: 0.00910
2022-11-11 15:31:34 [INFO] [Train] Epoch: 224, Loss: 0.01024
2022-11-11 15:31:34 [INFO] [Train] Epoch: 225, Loss: 0.01067
2022-11-11 15:31:34 [INFO] [Train] Epoch: 226, Loss: 0.01150
2022-11-11 15:31:34 [INFO] [Train] Epoch: 227, Loss: 0.01159
2022-11-11 15:31:34 [INFO] [Train] Epoch: 228, Loss: 0.01072
2022-11-11 15:31:34 [INFO] [Train] Epoch: 229, Loss: 0.01011
2022-11-11 15:31:34 [INFO] [Train] Epoch: 230, Loss: 0.00823
2022-11-11 15:31:36 [INFO] [Val] Epoch: 230, Val F1-Micro: 0.7860, Best Val F1-Micro: 0.8040 (in Epoch 210), Val F1-Macro: 0.7741, Best Val F1-Macro: 0.7912 (in Epoch 210)
2022-11-11 15:31:36 [INFO] [Test] Epoch: 230, Test F1-Micro: 0.8200, Best Test F1-Micro: 0.8280 (in Epoch 200), Test F1-Macro: 0.8064, Best Test F1-Macro: 0.8104 (in Epoch 200)
2022-11-11 15:31:36 [INFO] [Train] Epoch: 231, Loss: 0.00884
2022-11-11 15:31:36 [INFO] [Train] Epoch: 232, Loss: 0.00962
2022-11-11 15:31:36 [INFO] [Train] Epoch: 233, Loss: 0.00893
2022-11-11 15:31:36 [INFO] [Train] Epoch: 234, Loss: 0.01169
2022-11-11 15:31:36 [INFO] [Train] Epoch: 235, Loss: 0.00787
2022-11-11 15:31:37 [INFO] [Train] Epoch: 236, Loss: 0.00947
2022-11-11 15:31:37 [INFO] [Train] Epoch: 237, Loss: 0.01095
2022-11-11 15:31:37 [INFO] [Train] Epoch: 238, Loss: 0.00980
2022-11-11 15:31:37 [INFO] [Train] Epoch: 239, Loss: 0.00937
2022-11-11 15:31:37 [INFO] [Train] Epoch: 240, Loss: 0.00977
2022-11-11 15:31:39 [INFO] [Val] Epoch: 240, Val F1-Micro: 0.7840, Best Val F1-Micro: 0.8040 (in Epoch 210), Val F1-Macro: 0.7711, Best Val F1-Macro: 0.7912 (in Epoch 210)
2022-11-11 15:31:39 [INFO] [Test] Epoch: 240, Test F1-Micro: 0.8230, Best Test F1-Micro: 0.8280 (in Epoch 200), Test F1-Macro: 0.8051, Best Test F1-Macro: 0.8104 (in Epoch 200)
2022-11-11 15:31:39 [INFO] [Train] Epoch: 241, Loss: 0.00950
2022-11-11 15:31:39 [INFO] [Train] Epoch: 242, Loss: 0.01003
2022-11-11 15:31:39 [INFO] [Train] Epoch: 243, Loss: 0.00983
2022-11-11 15:31:39 [INFO] [Train] Epoch: 244, Loss: 0.00908
2022-11-11 15:31:39 [INFO] [Train] Epoch: 245, Loss: 0.00742
2022-11-11 15:31:39 [INFO] [Train] Epoch: 246, Loss: 0.01166
2022-11-11 15:31:39 [INFO] [Train] Epoch: 247, Loss: 0.00852
2022-11-11 15:31:39 [INFO] [Train] Epoch: 248, Loss: 0.00921
2022-11-11 15:31:39 [INFO] [Train] Epoch: 249, Loss: 0.00742
2022-11-11 15:31:39 [INFO] [Train] Epoch: 250, Loss: 0.00855
2022-11-11 15:31:41 [INFO] [Val] Epoch: 250, Val F1-Micro: 0.7880, Best Val F1-Micro: 0.8040 (in Epoch 210), Val F1-Macro: 0.7777, Best Val F1-Macro: 0.7912 (in Epoch 210)
2022-11-11 15:31:41 [INFO] [Test] Epoch: 250, Test F1-Micro: 0.8180, Best Test F1-Micro: 0.8280 (in Epoch 200), Test F1-Macro: 0.8043, Best Test F1-Macro: 0.8104 (in Epoch 200)
2022-11-11 15:31:41 [INFO] [Train] Epoch: 251, Loss: 0.01114
2022-11-11 15:31:41 [INFO] [Train] Epoch: 252, Loss: 0.00866
2022-11-11 15:31:41 [INFO] [Train] Epoch: 253, Loss: 0.00849
2022-11-11 15:31:41 [INFO] [Train] Epoch: 254, Loss: 0.00758
2022-11-11 15:31:41 [INFO] [Train] Epoch: 255, Loss: 0.00710
2022-11-11 15:31:42 [INFO] [Train] Epoch: 256, Loss: 0.00779
2022-11-11 15:31:42 [INFO] [Train] Epoch: 257, Loss: 0.01046
2022-11-11 15:31:42 [INFO] [Train] Epoch: 258, Loss: 0.00828
2022-11-11 15:31:42 [INFO] [Train] Epoch: 259, Loss: 0.00911
2022-11-11 15:31:42 [INFO] [Train] Epoch: 260, Loss: 0.01048
2022-11-11 15:31:44 [INFO] [Val] Epoch: 260, Val F1-Micro: 0.7920, Best Val F1-Micro: 0.8040 (in Epoch 210), Val F1-Macro: 0.7797, Best Val F1-Macro: 0.7912 (in Epoch 210)
2022-11-11 15:31:44 [INFO] [Test] Epoch: 260, Test F1-Micro: 0.8200, Best Test F1-Micro: 0.8280 (in Epoch 200), Test F1-Macro: 0.8050, Best Test F1-Macro: 0.8104 (in Epoch 200)
2022-11-11 15:31:44 [INFO] [Train] Epoch: 261, Loss: 0.00647
2022-11-11 15:31:44 [INFO] [Train] Epoch: 262, Loss: 0.00640
2022-11-11 15:31:44 [INFO] [Train] Epoch: 263, Loss: 0.00622
2022-11-11 15:31:44 [INFO] [Train] Epoch: 264, Loss: 0.00987
2022-11-11 15:31:44 [INFO] [Train] Epoch: 265, Loss: 0.01163
2022-11-11 15:31:44 [INFO] [Train] Epoch: 266, Loss: 0.00803
2022-11-11 15:31:44 [INFO] [Train] Epoch: 267, Loss: 0.00730
2022-11-11 15:31:44 [INFO] [Train] Epoch: 268, Loss: 0.00657
2022-11-11 15:31:44 [INFO] [Train] Epoch: 269, Loss: 0.00661
2022-11-11 15:31:44 [INFO] [Train] Epoch: 270, Loss: 0.00683
2022-11-11 15:31:46 [INFO] [Val] Epoch: 270, Val F1-Micro: 0.7940, Best Val F1-Micro: 0.8040 (in Epoch 210), Val F1-Macro: 0.7797, Best Val F1-Macro: 0.7912 (in Epoch 210)
2022-11-11 15:31:46 [INFO] [Test] Epoch: 270, Test F1-Micro: 0.8190, Best Test F1-Micro: 0.8280 (in Epoch 200), Test F1-Macro: 0.8071, Best Test F1-Macro: 0.8104 (in Epoch 200)
2022-11-11 15:31:46 [INFO] [Train] Epoch: 271, Loss: 0.00612
2022-11-11 15:31:46 [INFO] [Train] Epoch: 272, Loss: 0.00739
2022-11-11 15:31:46 [INFO] [Train] Epoch: 273, Loss: 0.00583
2022-11-11 15:31:46 [INFO] [Train] Epoch: 274, Loss: 0.00589
2022-11-11 15:31:46 [INFO] [Train] Epoch: 275, Loss: 0.00692
2022-11-11 15:31:47 [INFO] [Train] Epoch: 276, Loss: 0.00856
2022-11-11 15:31:47 [INFO] [Train] Epoch: 277, Loss: 0.00697
2022-11-11 15:31:47 [INFO] [Train] Epoch: 278, Loss: 0.00650
2022-11-11 15:31:47 [INFO] [Train] Epoch: 279, Loss: 0.00616
2022-11-11 15:31:47 [INFO] [Train] Epoch: 280, Loss: 0.00526
2022-11-11 15:31:49 [INFO] [Val] Epoch: 280, Val F1-Micro: 0.7840, Best Val F1-Micro: 0.8040 (in Epoch 210), Val F1-Macro: 0.7725, Best Val F1-Macro: 0.7912 (in Epoch 210)
2022-11-11 15:31:49 [INFO] [Test] Epoch: 280, Test F1-Micro: 0.8200, Best Test F1-Micro: 0.8280 (in Epoch 200), Test F1-Macro: 0.8036, Best Test F1-Macro: 0.8104 (in Epoch 200)
2022-11-11 15:31:49 [INFO] [Train] Epoch: 281, Loss: 0.00555
2022-11-11 15:31:49 [INFO] [Train] Epoch: 282, Loss: 0.00499
2022-11-11 15:31:49 [INFO] [Train] Epoch: 283, Loss: 0.00523
2022-11-11 15:31:49 [INFO] [Train] Epoch: 284, Loss: 0.00562
2022-11-11 15:31:49 [INFO] [Train] Epoch: 285, Loss: 0.00839
2022-11-11 15:31:49 [INFO] [Train] Epoch: 286, Loss: 0.00531
2022-11-11 15:31:49 [INFO] [Train] Epoch: 287, Loss: 0.00495
2022-11-11 15:31:49 [INFO] [Train] Epoch: 288, Loss: 0.00780
2022-11-11 15:31:49 [INFO] [Train] Epoch: 289, Loss: 0.00632
2022-11-11 15:31:49 [INFO] [Train] Epoch: 290, Loss: 0.00640
2022-11-11 15:31:51 [INFO] [Val] Epoch: 290, Val F1-Micro: 0.7860, Best Val F1-Micro: 0.8040 (in Epoch 210), Val F1-Macro: 0.7722, Best Val F1-Macro: 0.7912 (in Epoch 210)
2022-11-11 15:31:51 [INFO] [Test] Epoch: 290, Test F1-Micro: 0.8180, Best Test F1-Micro: 0.8280 (in Epoch 200), Test F1-Macro: 0.8053, Best Test F1-Macro: 0.8104 (in Epoch 200)
2022-11-11 15:31:51 [INFO] [Train] Epoch: 291, Loss: 0.00559
2022-11-11 15:31:51 [INFO] [Train] Epoch: 292, Loss: 0.00477
2022-11-11 15:31:51 [INFO] [Train] Epoch: 293, Loss: 0.00577
2022-11-11 15:31:51 [INFO] [Train] Epoch: 294, Loss: 0.00652
2022-11-11 15:31:51 [INFO] [Train] Epoch: 295, Loss: 0.00601
2022-11-11 15:31:51 [INFO] [Train] Epoch: 296, Loss: 0.00472
2022-11-11 15:31:51 [INFO] [Train] Epoch: 297, Loss: 0.00766
2022-11-11 15:31:51 [INFO] [Train] Epoch: 298, Loss: 0.00454
2022-11-11 15:31:51 [INFO] [Train] Epoch: 299, Loss: 0.00850
2022-11-11 15:31:51 [INFO] [Train] Epoch: 300, Loss: 0.00618
2022-11-11 15:31:54 [INFO] [Val] Epoch: 300, Val F1-Micro: 0.7860, Best Val F1-Micro: 0.8040 (in Epoch 210), Val F1-Macro: 0.7720, Best Val F1-Macro: 0.7912 (in Epoch 210)
2022-11-11 15:31:54 [INFO] [Test] Epoch: 300, Test F1-Micro: 0.8170, Best Test F1-Micro: 0.8280 (in Epoch 200), Test F1-Macro: 0.8033, Best Test F1-Macro: 0.8104 (in Epoch 200)
2022-11-11 15:31:54 [INFO] [Train] Epoch: 301, Loss: 0.00467
2022-11-11 15:31:54 [INFO] [Train] Epoch: 302, Loss: 0.00529
2022-11-11 15:31:54 [INFO] [Train] Epoch: 303, Loss: 0.00531
2022-11-11 15:31:54 [INFO] [Train] Epoch: 304, Loss: 0.00557
2022-11-11 15:31:54 [INFO] [Train] Epoch: 305, Loss: 0.00544
2022-11-11 15:31:54 [INFO] [Train] Epoch: 306, Loss: 0.00737
2022-11-11 15:31:54 [INFO] [Train] Epoch: 307, Loss: 0.00524
2022-11-11 15:31:54 [INFO] [Train] Epoch: 308, Loss: 0.00615
2022-11-11 15:31:54 [INFO] [Train] Epoch: 309, Loss: 0.00670
2022-11-11 15:31:54 [INFO] [Train] Epoch: 310, Loss: 0.00399
2022-11-11 15:31:56 [INFO] [Val] Epoch: 310, Val F1-Micro: 0.7840, Best Val F1-Micro: 0.8040 (in Epoch 210), Val F1-Macro: 0.7717, Best Val F1-Macro: 0.7912 (in Epoch 210)
2022-11-11 15:31:56 [INFO] [Test] Epoch: 310, Test F1-Micro: 0.8200, Best Test F1-Micro: 0.8280 (in Epoch 200), Test F1-Macro: 0.8070, Best Test F1-Macro: 0.8104 (in Epoch 200)
2022-11-11 15:31:56 [INFO] [Train] Epoch: 311, Loss: 0.00463
2022-11-11 15:31:56 [INFO] [Train] Epoch: 312, Loss: 0.00480
2022-11-11 15:31:56 [INFO] [Train] Epoch: 313, Loss: 0.00640
2022-11-11 15:31:56 [INFO] [Train] Epoch: 314, Loss: 0.00531
2022-11-11 15:31:56 [INFO] [Train] Epoch: 315, Loss: 0.00481
2022-11-11 15:31:56 [INFO] [Train] Epoch: 316, Loss: 0.00565
2022-11-11 15:31:56 [INFO] [Train] Epoch: 317, Loss: 0.00456
2022-11-11 15:31:56 [INFO] [Train] Epoch: 318, Loss: 0.00482
2022-11-11 15:31:56 [INFO] [Train] Epoch: 319, Loss: 0.00497
2022-11-11 15:31:56 [INFO] [Train] Epoch: 320, Loss: 0.00688
2022-11-11 15:31:59 [INFO] [Val] Epoch: 320, Val F1-Micro: 0.7900, Best Val F1-Micro: 0.8040 (in Epoch 210), Val F1-Macro: 0.7764, Best Val F1-Macro: 0.7912 (in Epoch 210)
2022-11-11 15:31:59 [INFO] [Test] Epoch: 320, Test F1-Micro: 0.8180, Best Test F1-Micro: 0.8280 (in Epoch 200), Test F1-Macro: 0.8042, Best Test F1-Macro: 0.8104 (in Epoch 200)
2022-11-11 15:31:59 [INFO] [Train] Epoch: 321, Loss: 0.00555
2022-11-11 15:31:59 [INFO] [Train] Epoch: 322, Loss: 0.00464
2022-11-11 15:31:59 [INFO] [Train] Epoch: 323, Loss: 0.00447
2022-11-11 15:31:59 [INFO] [Train] Epoch: 324, Loss: 0.00440
2022-11-11 15:31:59 [INFO] [Train] Epoch: 325, Loss: 0.00512
2022-11-11 15:31:59 [INFO] [Train] Epoch: 326, Loss: 0.00548
2022-11-11 15:31:59 [INFO] [Train] Epoch: 327, Loss: 0.00450
2022-11-11 15:31:59 [INFO] [Train] Epoch: 328, Loss: 0.00431
2022-11-11 15:31:59 [INFO] [Train] Epoch: 329, Loss: 0.00557
2022-11-11 15:31:59 [INFO] [Train] Epoch: 330, Loss: 0.00700
2022-11-11 15:32:01 [INFO] [Val] Epoch: 330, Val F1-Micro: 0.7860, Best Val F1-Micro: 0.8040 (in Epoch 210), Val F1-Macro: 0.7772, Best Val F1-Macro: 0.7912 (in Epoch 210)
2022-11-11 15:32:01 [INFO] [Test] Epoch: 330, Test F1-Micro: 0.8190, Best Test F1-Micro: 0.8280 (in Epoch 200), Test F1-Macro: 0.8058, Best Test F1-Macro: 0.8104 (in Epoch 200)
2022-11-11 15:32:01 [INFO] [Train] Epoch: 331, Loss: 0.00515
2022-11-11 15:32:01 [INFO] [Train] Epoch: 332, Loss: 0.00728
2022-11-11 15:32:01 [INFO] [Train] Epoch: 333, Loss: 0.00590
2022-11-11 15:32:01 [INFO] [Train] Epoch: 334, Loss: 0.00467
2022-11-11 15:32:01 [INFO] [Train] Epoch: 335, Loss: 0.00580
2022-11-11 15:32:01 [INFO] [Train] Epoch: 336, Loss: 0.00617
2022-11-11 15:32:01 [INFO] [Train] Epoch: 337, Loss: 0.00545
2022-11-11 15:32:01 [INFO] [Train] Epoch: 338, Loss: 0.00521
2022-11-11 15:32:01 [INFO] [Train] Epoch: 339, Loss: 0.00446
2022-11-11 15:32:01 [INFO] [Train] Epoch: 340, Loss: 0.00467
2022-11-11 15:32:03 [INFO] [Val] Epoch: 340, Val F1-Micro: 0.7900, Best Val F1-Micro: 0.8040 (in Epoch 210), Val F1-Macro: 0.7781, Best Val F1-Macro: 0.7912 (in Epoch 210)
2022-11-11 15:32:03 [INFO] [Test] Epoch: 340, Test F1-Micro: 0.8200, Best Test F1-Micro: 0.8280 (in Epoch 200), Test F1-Macro: 0.8055, Best Test F1-Macro: 0.8104 (in Epoch 200)
2022-11-11 15:32:03 [INFO] [Train] Epoch: 341, Loss: 0.00356
2022-11-11 15:32:03 [INFO] [Train] Epoch: 342, Loss: 0.00618
2022-11-11 15:32:03 [INFO] [Train] Epoch: 343, Loss: 0.00454
2022-11-11 15:32:03 [INFO] [Train] Epoch: 344, Loss: 0.00486
2022-11-11 15:32:04 [INFO] [Train] Epoch: 345, Loss: 0.00418
2022-11-11 15:32:04 [INFO] [Train] Epoch: 346, Loss: 0.00500
2022-11-11 15:32:04 [INFO] [Train] Epoch: 347, Loss: 0.00407
2022-11-11 15:32:04 [INFO] [Train] Epoch: 348, Loss: 0.00375
2022-11-11 15:32:04 [INFO] [Train] Epoch: 349, Loss: 0.00488
2022-11-11 15:32:04 [INFO] [Train] Epoch: 350, Loss: 0.00460
2022-11-11 15:32:06 [INFO] [Val] Epoch: 350, Val F1-Micro: 0.7880, Best Val F1-Micro: 0.8040 (in Epoch 210), Val F1-Macro: 0.7753, Best Val F1-Macro: 0.7912 (in Epoch 210)
2022-11-11 15:32:06 [INFO] [Test] Epoch: 350, Test F1-Micro: 0.8170, Best Test F1-Micro: 0.8280 (in Epoch 200), Test F1-Macro: 0.8038, Best Test F1-Macro: 0.8104 (in Epoch 200)
2022-11-11 15:32:06 [INFO] [Train] Epoch: 351, Loss: 0.00602
2022-11-11 15:32:06 [INFO] [Train] Epoch: 352, Loss: 0.00398
2022-11-11 15:32:06 [INFO] [Train] Epoch: 353, Loss: 0.00504
2022-11-11 15:32:06 [INFO] [Train] Epoch: 354, Loss: 0.00410
2022-11-11 15:32:06 [INFO] [Train] Epoch: 355, Loss: 0.00435
2022-11-11 15:32:06 [INFO] [Train] Epoch: 356, Loss: 0.00334
2022-11-11 15:32:06 [INFO] [Train] Epoch: 357, Loss: 0.00402
2022-11-11 15:32:06 [INFO] [Train] Epoch: 358, Loss: 0.00373
2022-11-11 15:32:06 [INFO] [Train] Epoch: 359, Loss: 0.00411
2022-11-11 15:32:06 [INFO] [Train] Epoch: 360, Loss: 0.00386
2022-11-11 15:32:08 [WARNING] Linear模型尚未完全收敛！
2022-11-11 15:32:08 [INFO] [Val] Epoch: 360, Val F1-Micro: 0.7900, Best Val F1-Micro: 0.8040 (in Epoch 210), Val F1-Macro: 0.7777, Best Val F1-Macro: 0.7912 (in Epoch 210)
2022-11-11 15:32:08 [INFO] [Test] Epoch: 360, Test F1-Micro: 0.8170, Best Test F1-Micro: 0.8280 (in Epoch 200), Test F1-Macro: 0.8029, Best Test F1-Macro: 0.8104 (in Epoch 200)
2022-11-11 15:32:08 [INFO] [Train] Epoch: 361, Loss: 0.00481
2022-11-11 15:32:08 [INFO] [Train] Epoch: 362, Loss: 0.00397
2022-11-11 15:32:08 [INFO] [Train] Epoch: 363, Loss: 0.00494
2022-11-11 15:32:08 [INFO] [Train] Epoch: 364, Loss: 0.00451
2022-11-11 15:32:08 [INFO] [Train] Epoch: 365, Loss: 0.00288
2022-11-11 15:32:08 [INFO] [Train] Epoch: 366, Loss: 0.00373
2022-11-11 15:32:08 [INFO] [Train] Epoch: 367, Loss: 0.00295
2022-11-11 15:32:08 [INFO] [Train] Epoch: 368, Loss: 0.00461
2022-11-11 15:32:08 [INFO] [Train] Epoch: 369, Loss: 0.00427
2022-11-11 15:32:08 [INFO] [Train] Epoch: 370, Loss: 0.00474
2022-11-11 15:32:11 [INFO] [Val] Epoch: 370, Val F1-Micro: 0.7860, Best Val F1-Micro: 0.8040 (in Epoch 210), Val F1-Macro: 0.7749, Best Val F1-Macro: 0.7912 (in Epoch 210)
2022-11-11 15:32:11 [INFO] [Test] Epoch: 370, Test F1-Micro: 0.8180, Best Test F1-Micro: 0.8280 (in Epoch 200), Test F1-Macro: 0.8060, Best Test F1-Macro: 0.8104 (in Epoch 200)
2022-11-11 15:32:11 [INFO] [Train] Epoch: 371, Loss: 0.00392
2022-11-11 15:32:11 [INFO] [Train] Epoch: 372, Loss: 0.00353
2022-11-11 15:32:11 [INFO] [Train] Epoch: 373, Loss: 0.00369
2022-11-11 15:32:11 [INFO] [Train] Epoch: 374, Loss: 0.00244
2022-11-11 15:32:11 [INFO] [Train] Epoch: 375, Loss: 0.00307
2022-11-11 15:32:11 [INFO] [Train] Epoch: 376, Loss: 0.00355
2022-11-11 15:32:11 [INFO] [Train] Epoch: 377, Loss: 0.00398
2022-11-11 15:32:11 [INFO] [Train] Epoch: 378, Loss: 0.00539
2022-11-11 15:32:11 [INFO] [Train] Epoch: 379, Loss: 0.00381
2022-11-11 15:32:11 [INFO] [Train] Epoch: 380, Loss: 0.00391
2022-11-11 15:32:13 [INFO] [Val] Epoch: 380, Val F1-Micro: 0.7900, Best Val F1-Micro: 0.8040 (in Epoch 210), Val F1-Macro: 0.7793, Best Val F1-Macro: 0.7912 (in Epoch 210)
2022-11-11 15:32:13 [INFO] [Test] Epoch: 380, Test F1-Micro: 0.8180, Best Test F1-Micro: 0.8280 (in Epoch 200), Test F1-Macro: 0.8089, Best Test F1-Macro: 0.8104 (in Epoch 200)
2022-11-11 15:32:13 [INFO] [Train] Epoch: 381, Loss: 0.00357
2022-11-11 15:32:13 [INFO] [Train] Epoch: 382, Loss: 0.00331
2022-11-11 15:32:13 [INFO] [Train] Epoch: 383, Loss: 0.00461
2022-11-11 15:32:13 [INFO] [Train] Epoch: 384, Loss: 0.00247
2022-11-11 15:32:13 [INFO] [Train] Epoch: 385, Loss: 0.00457
2022-11-11 15:32:13 [INFO] [Train] Epoch: 386, Loss: 0.00623
2022-11-11 15:32:13 [INFO] [Train] Epoch: 387, Loss: 0.00439
2022-11-11 15:32:13 [INFO] [Train] Epoch: 388, Loss: 0.00446
2022-11-11 15:32:13 [INFO] [Train] Epoch: 389, Loss: 0.00353
2022-11-11 15:32:13 [INFO] [Train] Epoch: 390, Loss: 0.00341
2022-11-11 15:32:16 [INFO] [Val] Epoch: 390, Val F1-Micro: 0.7880, Best Val F1-Micro: 0.8040 (in Epoch 210), Val F1-Macro: 0.7766, Best Val F1-Macro: 0.7912 (in Epoch 210)
2022-11-11 15:32:16 [INFO] [Test] Epoch: 390, Test F1-Micro: 0.8140, Best Test F1-Micro: 0.8280 (in Epoch 200), Test F1-Macro: 0.8035, Best Test F1-Macro: 0.8104 (in Epoch 200)
2022-11-11 15:32:16 [INFO] [Train] Epoch: 391, Loss: 0.00381
2022-11-11 15:32:16 [INFO] [Train] Epoch: 392, Loss: 0.00275
2022-11-11 15:32:16 [INFO] [Train] Epoch: 393, Loss: 0.00306
2022-11-11 15:32:16 [INFO] [Train] Epoch: 394, Loss: 0.00397
2022-11-11 15:32:16 [INFO] [Train] Epoch: 395, Loss: 0.00318
2022-11-11 15:32:16 [INFO] [Train] Epoch: 396, Loss: 0.00386
2022-11-11 15:32:16 [INFO] [Train] Epoch: 397, Loss: 0.00416
2022-11-11 15:32:16 [INFO] [Train] Epoch: 398, Loss: 0.00344
2022-11-11 15:32:16 [INFO] [Train] Epoch: 399, Loss: 0.00494
2022-11-11 15:32:16 [INFO] [Train] Epoch: 400, Loss: 0.00273
2022-11-11 15:32:18 [INFO] [Val] Epoch: 400, Val F1-Micro: 0.7920, Best Val F1-Micro: 0.8040 (in Epoch 210), Val F1-Macro: 0.7814, Best Val F1-Macro: 0.7912 (in Epoch 210)
2022-11-11 15:32:18 [INFO] [Test] Epoch: 400, Test F1-Micro: 0.8160, Best Test F1-Micro: 0.8280 (in Epoch 200), Test F1-Macro: 0.8066, Best Test F1-Macro: 0.8104 (in Epoch 200)
2022-11-11 15:32:18 [INFO] [Train] Epoch: 401, Loss: 0.00368
2022-11-11 15:32:18 [INFO] [Train] Epoch: 402, Loss: 0.00259
2022-11-11 15:32:18 [INFO] [Train] Epoch: 403, Loss: 0.00252
2022-11-11 15:32:18 [INFO] [Train] Epoch: 404, Loss: 0.00268
2022-11-11 15:32:18 [INFO] [Train] Epoch: 405, Loss: 0.00316
2022-11-11 15:32:18 [INFO] [Train] Epoch: 406, Loss: 0.00234
2022-11-11 15:32:18 [INFO] [Train] Epoch: 407, Loss: 0.00310
2022-11-11 15:32:18 [INFO] [Train] Epoch: 408, Loss: 0.00707
2022-11-11 15:32:18 [INFO] [Train] Epoch: 409, Loss: 0.00249
2022-11-11 15:32:18 [INFO] [Train] Epoch: 410, Loss: 0.00368
2022-11-11 15:32:20 [WARNING] Linear模型尚未完全收敛！
2022-11-11 15:32:20 [INFO] [Val] Epoch: 410, Val F1-Micro: 0.7920, Best Val F1-Micro: 0.8040 (in Epoch 210), Val F1-Macro: 0.7776, Best Val F1-Macro: 0.7912 (in Epoch 210)
2022-11-11 15:32:20 [INFO] [Test] Epoch: 410, Test F1-Micro: 0.8180, Best Test F1-Micro: 0.8280 (in Epoch 200), Test F1-Macro: 0.8061, Best Test F1-Macro: 0.8104 (in Epoch 200)
2022-11-11 15:32:20 [INFO] [Train] Epoch: 411, Loss: 0.00265
2022-11-11 15:32:20 [INFO] [Train] Epoch: 412, Loss: 0.00287
2022-11-11 15:32:20 [INFO] [Train] Epoch: 413, Loss: 0.00269
2022-11-11 15:32:21 [INFO] [Train] Epoch: 414, Loss: 0.00231
2022-11-11 15:32:21 [INFO] [Train] Epoch: 415, Loss: 0.00263
2022-11-11 15:32:21 [INFO] [Train] Epoch: 416, Loss: 0.00243
2022-11-11 15:32:21 [INFO] [Train] Epoch: 417, Loss: 0.00327
2022-11-11 15:32:21 [INFO] [Train] Epoch: 418, Loss: 0.00288
2022-11-11 15:32:21 [INFO] [Train] Epoch: 419, Loss: 0.00286
2022-11-11 15:32:21 [INFO] [Train] Epoch: 420, Loss: 0.00305
2022-11-11 15:32:23 [INFO] [Val] Epoch: 420, Val F1-Micro: 0.7860, Best Val F1-Micro: 0.8040 (in Epoch 210), Val F1-Macro: 0.7767, Best Val F1-Macro: 0.7912 (in Epoch 210)
2022-11-11 15:32:23 [INFO] [Test] Epoch: 420, Test F1-Micro: 0.8170, Best Test F1-Micro: 0.8280 (in Epoch 200), Test F1-Macro: 0.8039, Best Test F1-Macro: 0.8104 (in Epoch 200)
2022-11-11 15:32:23 [INFO] [Train] Epoch: 421, Loss: 0.00366
2022-11-11 15:32:23 [INFO] [Train] Epoch: 422, Loss: 0.00429
2022-11-11 15:32:23 [INFO] [Train] Epoch: 423, Loss: 0.00287
2022-11-11 15:32:23 [INFO] [Train] Epoch: 424, Loss: 0.00253
2022-11-11 15:32:23 [INFO] [Train] Epoch: 425, Loss: 0.00347
2022-11-11 15:32:23 [INFO] [Train] Epoch: 426, Loss: 0.00204
2022-11-11 15:32:23 [INFO] [Train] Epoch: 427, Loss: 0.00333
2022-11-11 15:32:23 [INFO] [Train] Epoch: 428, Loss: 0.00318
2022-11-11 15:32:23 [INFO] [Train] Epoch: 429, Loss: 0.00206
2022-11-11 15:32:23 [INFO] [Train] Epoch: 430, Loss: 0.00377
2022-11-11 15:32:25 [INFO] [Val] Epoch: 430, Val F1-Micro: 0.7860, Best Val F1-Micro: 0.8040 (in Epoch 210), Val F1-Macro: 0.7739, Best Val F1-Macro: 0.7912 (in Epoch 210)
2022-11-11 15:32:25 [INFO] [Test] Epoch: 430, Test F1-Micro: 0.8140, Best Test F1-Micro: 0.8280 (in Epoch 200), Test F1-Macro: 0.8038, Best Test F1-Macro: 0.8104 (in Epoch 200)
2022-11-11 15:32:25 [INFO] [Train] Epoch: 431, Loss: 0.00299
2022-11-11 15:32:25 [INFO] [Train] Epoch: 432, Loss: 0.00390
2022-11-11 15:32:25 [INFO] [Train] Epoch: 433, Loss: 0.00293
2022-11-11 15:32:25 [INFO] [Train] Epoch: 434, Loss: 0.00316
2022-11-11 15:32:25 [INFO] [Train] Epoch: 435, Loss: 0.00311
2022-11-11 15:32:25 [INFO] [Train] Epoch: 436, Loss: 0.00327
2022-11-11 15:32:25 [INFO] [Train] Epoch: 437, Loss: 0.00283
2022-11-11 15:32:25 [INFO] [Train] Epoch: 438, Loss: 0.00348
2022-11-11 15:32:25 [INFO] [Train] Epoch: 439, Loss: 0.00192
2022-11-11 15:32:26 [INFO] [Train] Epoch: 440, Loss: 0.00273
2022-11-11 15:32:28 [INFO] [Val] Epoch: 440, Val F1-Micro: 0.7920, Best Val F1-Micro: 0.8040 (in Epoch 210), Val F1-Macro: 0.7806, Best Val F1-Macro: 0.7912 (in Epoch 210)
2022-11-11 15:32:28 [INFO] [Test] Epoch: 440, Test F1-Micro: 0.8190, Best Test F1-Micro: 0.8280 (in Epoch 200), Test F1-Macro: 0.8078, Best Test F1-Macro: 0.8104 (in Epoch 200)
2022-11-11 15:32:28 [INFO] [Train] Epoch: 441, Loss: 0.00260
2022-11-11 15:32:28 [INFO] [Train] Epoch: 442, Loss: 0.00245
2022-11-11 15:32:28 [INFO] [Train] Epoch: 443, Loss: 0.00225
2022-11-11 15:32:28 [INFO] [Train] Epoch: 444, Loss: 0.00377
2022-11-11 15:32:28 [INFO] [Train] Epoch: 445, Loss: 0.00463
2022-11-11 15:32:28 [INFO] [Train] Epoch: 446, Loss: 0.00302
2022-11-11 15:32:28 [INFO] [Train] Epoch: 447, Loss: 0.00375
2022-11-11 15:32:28 [INFO] [Train] Epoch: 448, Loss: 0.00278
2022-11-11 15:32:28 [INFO] [Train] Epoch: 449, Loss: 0.00392
2022-11-11 15:32:28 [INFO] [Train] Epoch: 450, Loss: 0.00225
2022-11-11 15:32:30 [INFO] [Val] Epoch: 450, Val F1-Micro: 0.7880, Best Val F1-Micro: 0.8040 (in Epoch 210), Val F1-Macro: 0.7764, Best Val F1-Macro: 0.7912 (in Epoch 210)
2022-11-11 15:32:30 [INFO] [Test] Epoch: 450, Test F1-Micro: 0.8150, Best Test F1-Micro: 0.8280 (in Epoch 200), Test F1-Macro: 0.8043, Best Test F1-Macro: 0.8104 (in Epoch 200)
2022-11-11 15:32:30 [INFO] [Train] Epoch: 451, Loss: 0.00398
2022-11-11 15:32:30 [INFO] [Train] Epoch: 452, Loss: 0.00278
2022-11-11 15:32:30 [INFO] [Train] Epoch: 453, Loss: 0.00205
2022-11-11 15:32:30 [INFO] [Train] Epoch: 454, Loss: 0.00228
2022-11-11 15:32:30 [INFO] [Train] Epoch: 455, Loss: 0.00263
2022-11-11 15:32:30 [INFO] [Train] Epoch: 456, Loss: 0.00370
2022-11-11 15:32:30 [INFO] [Train] Epoch: 457, Loss: 0.00224
2022-11-11 15:32:30 [INFO] [Train] Epoch: 458, Loss: 0.00174
2022-11-11 15:32:30 [INFO] [Train] Epoch: 459, Loss: 0.00286
2022-11-11 15:32:30 [INFO] [Train] Epoch: 460, Loss: 0.00214
2022-11-11 15:32:33 [INFO] [Val] Epoch: 460, Val F1-Micro: 0.7960, Best Val F1-Micro: 0.8040 (in Epoch 210), Val F1-Macro: 0.7853, Best Val F1-Macro: 0.7912 (in Epoch 210)
2022-11-11 15:32:33 [INFO] [Test] Epoch: 460, Test F1-Micro: 0.8150, Best Test F1-Micro: 0.8280 (in Epoch 200), Test F1-Macro: 0.7996, Best Test F1-Macro: 0.8104 (in Epoch 200)
2022-11-11 15:32:33 [INFO] [Train] Epoch: 461, Loss: 0.00268
2022-11-11 15:32:33 [INFO] [Train] Epoch: 462, Loss: 0.00434
2022-11-11 15:32:33 [INFO] [Train] Epoch: 463, Loss: 0.00221
2022-11-11 15:32:33 [INFO] [Train] Epoch: 464, Loss: 0.00317
2022-11-11 15:32:33 [INFO] [Train] Epoch: 465, Loss: 0.00213
2022-11-11 15:32:33 [INFO] [Train] Epoch: 466, Loss: 0.00264
2022-11-11 15:32:33 [INFO] [Train] Epoch: 467, Loss: 0.00206
2022-11-11 15:32:33 [INFO] [Train] Epoch: 468, Loss: 0.00207
2022-11-11 15:32:33 [INFO] [Train] Epoch: 469, Loss: 0.00357
2022-11-11 15:32:33 [INFO] [Train] Epoch: 470, Loss: 0.00317
2022-11-11 15:32:35 [INFO] [Val] Epoch: 470, Val F1-Micro: 0.7880, Best Val F1-Micro: 0.8040 (in Epoch 210), Val F1-Macro: 0.7745, Best Val F1-Macro: 0.7912 (in Epoch 210)
2022-11-11 15:32:35 [INFO] [Test] Epoch: 470, Test F1-Micro: 0.8090, Best Test F1-Micro: 0.8280 (in Epoch 200), Test F1-Macro: 0.7985, Best Test F1-Macro: 0.8104 (in Epoch 200)
2022-11-11 15:32:35 [INFO] [Train] Epoch: 471, Loss: 0.00207
2022-11-11 15:32:35 [INFO] [Train] Epoch: 472, Loss: 0.00277
2022-11-11 15:32:35 [INFO] [Train] Epoch: 473, Loss: 0.00335
2022-11-11 15:32:35 [INFO] [Train] Epoch: 474, Loss: 0.00216
2022-11-11 15:32:35 [INFO] [Train] Epoch: 475, Loss: 0.00229
2022-11-11 15:32:35 [INFO] [Train] Epoch: 476, Loss: 0.00169
2022-11-11 15:32:35 [INFO] [Train] Epoch: 477, Loss: 0.00298
2022-11-11 15:32:35 [INFO] [Train] Epoch: 478, Loss: 0.00252
2022-11-11 15:32:35 [INFO] [Train] Epoch: 479, Loss: 0.00151
2022-11-11 15:32:35 [INFO] [Train] Epoch: 480, Loss: 0.00377
2022-11-11 15:32:38 [INFO] [Val] Epoch: 480, Val F1-Micro: 0.7880, Best Val F1-Micro: 0.8040 (in Epoch 210), Val F1-Macro: 0.7795, Best Val F1-Macro: 0.7912 (in Epoch 210)
2022-11-11 15:32:38 [INFO] [Test] Epoch: 480, Test F1-Micro: 0.8200, Best Test F1-Micro: 0.8280 (in Epoch 200), Test F1-Macro: 0.8088, Best Test F1-Macro: 0.8104 (in Epoch 200)
2022-11-11 15:32:38 [INFO] [Train] Epoch: 481, Loss: 0.00242
2022-11-11 15:32:38 [INFO] [Train] Epoch: 482, Loss: 0.00210
2022-11-11 15:32:38 [INFO] [Train] Epoch: 483, Loss: 0.00308
2022-11-11 15:32:38 [INFO] [Train] Epoch: 484, Loss: 0.00191
2022-11-11 15:32:38 [INFO] [Train] Epoch: 485, Loss: 0.00182
2022-11-11 15:32:38 [INFO] [Train] Epoch: 486, Loss: 0.00288
2022-11-11 15:32:38 [INFO] [Train] Epoch: 487, Loss: 0.00168
2022-11-11 15:32:38 [INFO] [Train] Epoch: 488, Loss: 0.00264
2022-11-11 15:32:38 [INFO] [Train] Epoch: 489, Loss: 0.00352
2022-11-11 15:32:38 [INFO] [Train] Epoch: 490, Loss: 0.00180
2022-11-11 15:32:40 [INFO] [Val] Epoch: 490, Val F1-Micro: 0.7860, Best Val F1-Micro: 0.8040 (in Epoch 210), Val F1-Macro: 0.7754, Best Val F1-Macro: 0.7912 (in Epoch 210)
2022-11-11 15:32:40 [INFO] [Test] Epoch: 490, Test F1-Micro: 0.8170, Best Test F1-Micro: 0.8280 (in Epoch 200), Test F1-Macro: 0.8075, Best Test F1-Macro: 0.8104 (in Epoch 200)
2022-11-11 15:32:40 [INFO] [Train] Epoch: 491, Loss: 0.00214
2022-11-11 15:32:40 [INFO] [Train] Epoch: 492, Loss: 0.00180
2022-11-11 15:32:40 [INFO] [Train] Epoch: 493, Loss: 0.00229
2022-11-11 15:32:40 [INFO] [Train] Epoch: 494, Loss: 0.00231
2022-11-11 15:32:40 [INFO] [Train] Epoch: 495, Loss: 0.00238
2022-11-11 15:32:40 [INFO] [Train] Epoch: 496, Loss: 0.00139
2022-11-11 15:32:40 [INFO] [Train] Epoch: 497, Loss: 0.00282
2022-11-11 15:32:40 [INFO] [Train] Epoch: 498, Loss: 0.00268
2022-11-11 15:32:40 [INFO] [Train] Epoch: 499, Loss: 0.00214
2022-11-11 15:32:40 [INFO] [Train] Epoch: 500, Loss: 0.00360
2022-11-11 15:32:42 [INFO] [Val] Epoch: 500, Val F1-Micro: 0.7880, Best Val F1-Micro: 0.8040 (in Epoch 210), Val F1-Macro: 0.7802, Best Val F1-Macro: 0.7912 (in Epoch 210)
2022-11-11 15:32:42 [INFO] [Test] Epoch: 500, Test F1-Micro: 0.8160, Best Test F1-Micro: 0.8280 (in Epoch 200), Test F1-Macro: 0.8064, Best Test F1-Macro: 0.8104 (in Epoch 200)
