2022-11-11 15:49:01 [INFO] [Train] Epoch: 1, Loss: 0.69321
2022-11-11 15:49:02 [INFO] [Train] Epoch: 2, Loss: 0.69469
2022-11-11 15:49:02 [INFO] [Train] Epoch: 3, Loss: 0.67893
2022-11-11 15:49:02 [INFO] [Train] Epoch: 4, Loss: 0.68265
2022-11-11 15:49:02 [INFO] [Train] Epoch: 5, Loss: 0.67363
2022-11-11 15:49:02 [INFO] [Train] Epoch: 6, Loss: 0.66685
2022-11-11 15:49:02 [INFO] [Train] Epoch: 7, Loss: 0.66657
2022-11-11 15:49:02 [INFO] [Train] Epoch: 8, Loss: 0.65760
2022-11-11 15:49:02 [INFO] [Train] Epoch: 9, Loss: 0.65175
2022-11-11 15:49:03 [INFO] [Train] Epoch: 10, Loss: 0.64897
2022-11-11 15:49:05 [WARNING] Linear模型尚未完全收敛！
2022-11-11 15:49:05 [INFO] [Val] Epoch: 10, Val F1-Micro: 0.7380, Best Val F1-Micro: 0.7380 (in Epoch 10), Val F1-Macro: 0.7507, Best Val F1-Macro: 0.7507 (in Epoch 10)
2022-11-11 15:49:05 [INFO] [Test] Epoch: 10, Test F1-Micro: 0.7380, Best Test F1-Micro: 0.7380 (in Epoch 10), Test F1-Macro: 0.7439, Best Test F1-Macro: 0.7439 (in Epoch 10)
2022-11-11 15:49:05 [INFO] [Train] Epoch: 11, Loss: 0.63770
2022-11-11 15:49:05 [INFO] [Train] Epoch: 12, Loss: 0.63325
2022-11-11 15:49:05 [INFO] [Train] Epoch: 13, Loss: 0.62676
2022-11-11 15:49:05 [INFO] [Train] Epoch: 14, Loss: 0.61574
2022-11-11 15:49:05 [INFO] [Train] Epoch: 15, Loss: 0.61284
2022-11-11 15:49:05 [INFO] [Train] Epoch: 16, Loss: 0.60200
2022-11-11 15:49:05 [INFO] [Train] Epoch: 17, Loss: 0.59592
2022-11-11 15:49:05 [INFO] [Train] Epoch: 18, Loss: 0.58851
2022-11-11 15:49:06 [INFO] [Train] Epoch: 19, Loss: 0.58037
2022-11-11 15:49:06 [INFO] [Train] Epoch: 20, Loss: 0.57229
2022-11-11 15:49:08 [WARNING] Linear模型尚未完全收敛！
2022-11-11 15:49:08 [INFO] [Val] Epoch: 20, Val F1-Micro: 0.7280, Best Val F1-Micro: 0.7380 (in Epoch 10), Val F1-Macro: 0.7413, Best Val F1-Macro: 0.7507 (in Epoch 10)
2022-11-11 15:49:08 [INFO] [Test] Epoch: 20, Test F1-Micro: 0.7420, Best Test F1-Micro: 0.7420 (in Epoch 20), Test F1-Macro: 0.7477, Best Test F1-Macro: 0.7477 (in Epoch 20)
2022-11-11 15:49:08 [INFO] [Train] Epoch: 21, Loss: 0.56552
2022-11-11 15:49:08 [INFO] [Train] Epoch: 22, Loss: 0.55832
2022-11-11 15:49:08 [INFO] [Train] Epoch: 23, Loss: 0.55312
2022-11-11 15:49:08 [INFO] [Train] Epoch: 24, Loss: 0.54346
2022-11-11 15:49:08 [INFO] [Train] Epoch: 25, Loss: 0.53751
2022-11-11 15:49:08 [INFO] [Train] Epoch: 26, Loss: 0.52960
2022-11-11 15:49:08 [INFO] [Train] Epoch: 27, Loss: 0.52501
2022-11-11 15:49:09 [INFO] [Train] Epoch: 28, Loss: 0.51665
2022-11-11 15:49:09 [INFO] [Train] Epoch: 29, Loss: 0.51241
2022-11-11 15:49:09 [INFO] [Train] Epoch: 30, Loss: 0.50771
2022-11-11 15:49:11 [WARNING] Linear模型尚未完全收敛！
2022-11-11 15:49:11 [INFO] [Val] Epoch: 30, Val F1-Micro: 0.7320, Best Val F1-Micro: 0.7380 (in Epoch 10), Val F1-Macro: 0.7496, Best Val F1-Macro: 0.7507 (in Epoch 10)
2022-11-11 15:49:11 [INFO] [Test] Epoch: 30, Test F1-Micro: 0.7330, Best Test F1-Micro: 0.7420 (in Epoch 20), Test F1-Macro: 0.7361, Best Test F1-Macro: 0.7477 (in Epoch 20)
2022-11-11 15:49:11 [INFO] [Train] Epoch: 31, Loss: 0.50078
2022-11-11 15:49:11 [INFO] [Train] Epoch: 32, Loss: 0.49709
2022-11-11 15:49:11 [INFO] [Train] Epoch: 33, Loss: 0.49406
2022-11-11 15:49:11 [INFO] [Train] Epoch: 34, Loss: 0.48502
2022-11-11 15:49:11 [INFO] [Train] Epoch: 35, Loss: 0.48678
2022-11-11 15:49:11 [INFO] [Train] Epoch: 36, Loss: 0.48149
2022-11-11 15:49:12 [INFO] [Train] Epoch: 37, Loss: 0.47838
2022-11-11 15:49:12 [INFO] [Train] Epoch: 38, Loss: 0.47555
2022-11-11 15:49:12 [INFO] [Train] Epoch: 39, Loss: 0.46954
2022-11-11 15:49:12 [INFO] [Train] Epoch: 40, Loss: 0.46714
2022-11-11 15:49:14 [WARNING] Linear模型尚未完全收敛！
2022-11-11 15:49:14 [INFO] [Val] Epoch: 40, Val F1-Micro: 0.7440, Best Val F1-Micro: 0.7440 (in Epoch 40), Val F1-Macro: 0.7611, Best Val F1-Macro: 0.7611 (in Epoch 40)
2022-11-11 15:49:14 [INFO] [Test] Epoch: 40, Test F1-Micro: 0.7340, Best Test F1-Micro: 0.7420 (in Epoch 20), Test F1-Macro: 0.7377, Best Test F1-Macro: 0.7477 (in Epoch 20)
2022-11-11 15:49:14 [INFO] [Train] Epoch: 41, Loss: 0.46281
2022-11-11 15:49:14 [INFO] [Train] Epoch: 42, Loss: 0.46061
2022-11-11 15:49:14 [INFO] [Train] Epoch: 43, Loss: 0.45564
2022-11-11 15:49:14 [INFO] [Train] Epoch: 44, Loss: 0.45353
2022-11-11 15:49:14 [INFO] [Train] Epoch: 45, Loss: 0.45345
2022-11-11 15:49:15 [INFO] [Train] Epoch: 46, Loss: 0.44733
2022-11-11 15:49:15 [INFO] [Train] Epoch: 47, Loss: 0.44794
2022-11-11 15:49:15 [INFO] [Train] Epoch: 48, Loss: 0.44560
2022-11-11 15:49:15 [INFO] [Train] Epoch: 49, Loss: 0.44310
2022-11-11 15:49:15 [INFO] [Train] Epoch: 50, Loss: 0.44159
2022-11-11 15:49:17 [WARNING] Linear模型尚未完全收敛！
2022-11-11 15:49:17 [INFO] [Val] Epoch: 50, Val F1-Micro: 0.7520, Best Val F1-Micro: 0.7520 (in Epoch 50), Val F1-Macro: 0.7670, Best Val F1-Macro: 0.7670 (in Epoch 50)
2022-11-11 15:49:17 [INFO] [Test] Epoch: 50, Test F1-Micro: 0.7420, Best Test F1-Micro: 0.7420 (in Epoch 20), Test F1-Macro: 0.7455, Best Test F1-Macro: 0.7477 (in Epoch 20)
2022-11-11 15:49:17 [INFO] [Train] Epoch: 51, Loss: 0.44013
2022-11-11 15:49:17 [INFO] [Train] Epoch: 52, Loss: 0.43706
2022-11-11 15:49:17 [INFO] [Train] Epoch: 53, Loss: 0.43386
2022-11-11 15:49:17 [INFO] [Train] Epoch: 54, Loss: 0.43141
2022-11-11 15:49:17 [INFO] [Train] Epoch: 55, Loss: 0.43024
2022-11-11 15:49:18 [INFO] [Train] Epoch: 56, Loss: 0.42837
2022-11-11 15:49:18 [INFO] [Train] Epoch: 57, Loss: 0.42809
2022-11-11 15:49:18 [INFO] [Train] Epoch: 58, Loss: 0.42422
2022-11-11 15:49:18 [INFO] [Train] Epoch: 59, Loss: 0.42182
2022-11-11 15:49:18 [INFO] [Train] Epoch: 60, Loss: 0.42464
2022-11-11 15:49:20 [WARNING] Linear模型尚未完全收敛！
2022-11-11 15:49:20 [INFO] [Val] Epoch: 60, Val F1-Micro: 0.7600, Best Val F1-Micro: 0.7600 (in Epoch 60), Val F1-Macro: 0.7742, Best Val F1-Macro: 0.7742 (in Epoch 60)
2022-11-11 15:49:20 [INFO] [Test] Epoch: 60, Test F1-Micro: 0.7490, Best Test F1-Micro: 0.7490 (in Epoch 60), Test F1-Macro: 0.7511, Best Test F1-Macro: 0.7511 (in Epoch 60)
2022-11-11 15:49:20 [INFO] [Train] Epoch: 61, Loss: 0.41939
2022-11-11 15:49:20 [INFO] [Train] Epoch: 62, Loss: 0.41969
2022-11-11 15:49:20 [INFO] [Train] Epoch: 63, Loss: 0.41355
2022-11-11 15:49:20 [INFO] [Train] Epoch: 64, Loss: 0.41555
2022-11-11 15:49:21 [INFO] [Train] Epoch: 65, Loss: 0.41415
2022-11-11 15:49:21 [INFO] [Train] Epoch: 66, Loss: 0.41087
2022-11-11 15:49:21 [INFO] [Train] Epoch: 67, Loss: 0.41166
2022-11-11 15:49:21 [INFO] [Train] Epoch: 68, Loss: 0.40945
2022-11-11 15:49:21 [INFO] [Train] Epoch: 69, Loss: 0.40422
2022-11-11 15:49:21 [INFO] [Train] Epoch: 70, Loss: 0.40381
2022-11-11 15:49:23 [WARNING] Linear模型尚未完全收敛！
2022-11-11 15:49:23 [INFO] [Val] Epoch: 70, Val F1-Micro: 0.7680, Best Val F1-Micro: 0.7680 (in Epoch 70), Val F1-Macro: 0.7802, Best Val F1-Macro: 0.7802 (in Epoch 70)
2022-11-11 15:49:23 [INFO] [Test] Epoch: 70, Test F1-Micro: 0.7570, Best Test F1-Micro: 0.7570 (in Epoch 70), Test F1-Macro: 0.7583, Best Test F1-Macro: 0.7583 (in Epoch 70)
2022-11-11 15:49:23 [INFO] [Train] Epoch: 71, Loss: 0.40207
2022-11-11 15:49:23 [INFO] [Train] Epoch: 72, Loss: 0.40432
2022-11-11 15:49:23 [INFO] [Train] Epoch: 73, Loss: 0.40120
2022-11-11 15:49:24 [INFO] [Train] Epoch: 74, Loss: 0.39905
2022-11-11 15:49:24 [INFO] [Train] Epoch: 75, Loss: 0.39702
2022-11-11 15:49:24 [INFO] [Train] Epoch: 76, Loss: 0.39694
2022-11-11 15:49:24 [INFO] [Train] Epoch: 77, Loss: 0.39257
2022-11-11 15:49:24 [INFO] [Train] Epoch: 78, Loss: 0.39519
2022-11-11 15:49:24 [INFO] [Train] Epoch: 79, Loss: 0.39508
2022-11-11 15:49:24 [INFO] [Train] Epoch: 80, Loss: 0.39055
2022-11-11 15:49:26 [WARNING] Linear模型尚未完全收敛！
2022-11-11 15:49:26 [INFO] [Val] Epoch: 80, Val F1-Micro: 0.7800, Best Val F1-Micro: 0.7800 (in Epoch 80), Val F1-Macro: 0.7910, Best Val F1-Macro: 0.7910 (in Epoch 80)
2022-11-11 15:49:26 [INFO] [Test] Epoch: 80, Test F1-Micro: 0.7720, Best Test F1-Micro: 0.7720 (in Epoch 80), Test F1-Macro: 0.7711, Best Test F1-Macro: 0.7711 (in Epoch 80)
2022-11-11 15:49:26 [INFO] [Train] Epoch: 81, Loss: 0.39011
2022-11-11 15:49:26 [INFO] [Train] Epoch: 82, Loss: 0.38654
2022-11-11 15:49:27 [INFO] [Train] Epoch: 83, Loss: 0.38687
2022-11-11 15:49:27 [INFO] [Train] Epoch: 84, Loss: 0.38471
2022-11-11 15:49:27 [INFO] [Train] Epoch: 85, Loss: 0.38604
2022-11-11 15:49:27 [INFO] [Train] Epoch: 86, Loss: 0.38239
2022-11-11 15:49:27 [INFO] [Train] Epoch: 87, Loss: 0.37988
2022-11-11 15:49:27 [INFO] [Train] Epoch: 88, Loss: 0.37865
2022-11-11 15:49:27 [INFO] [Train] Epoch: 89, Loss: 0.37731
2022-11-11 15:49:27 [INFO] [Train] Epoch: 90, Loss: 0.37579
2022-11-11 15:49:29 [WARNING] Linear模型尚未完全收敛！
2022-11-11 15:49:29 [INFO] [Val] Epoch: 90, Val F1-Micro: 0.7840, Best Val F1-Micro: 0.7840 (in Epoch 90), Val F1-Macro: 0.7945, Best Val F1-Macro: 0.7945 (in Epoch 90)
2022-11-11 15:49:29 [INFO] [Test] Epoch: 90, Test F1-Micro: 0.7760, Best Test F1-Micro: 0.7760 (in Epoch 90), Test F1-Macro: 0.7761, Best Test F1-Macro: 0.7761 (in Epoch 90)
2022-11-11 15:49:29 [INFO] [Train] Epoch: 91, Loss: 0.37823
2022-11-11 15:49:30 [INFO] [Train] Epoch: 92, Loss: 0.37868
2022-11-11 15:49:30 [INFO] [Train] Epoch: 93, Loss: 0.38183
2022-11-11 15:49:30 [INFO] [Train] Epoch: 94, Loss: 0.37889
2022-11-11 15:49:30 [INFO] [Train] Epoch: 95, Loss: 0.37812
2022-11-11 15:49:30 [INFO] [Train] Epoch: 96, Loss: 0.36886
2022-11-11 15:49:30 [INFO] [Train] Epoch: 97, Loss: 0.36823
2022-11-11 15:49:30 [INFO] [Train] Epoch: 98, Loss: 0.36805
2022-11-11 15:49:30 [INFO] [Train] Epoch: 99, Loss: 0.36611
2022-11-11 15:49:30 [INFO] [Train] Epoch: 100, Loss: 0.36233
2022-11-11 15:49:32 [WARNING] Linear模型尚未完全收敛！
2022-11-11 15:49:32 [INFO] [Val] Epoch: 100, Val F1-Micro: 0.7920, Best Val F1-Micro: 0.7920 (in Epoch 100), Val F1-Macro: 0.8020, Best Val F1-Macro: 0.8020 (in Epoch 100)
2022-11-11 15:49:32 [INFO] [Test] Epoch: 100, Test F1-Micro: 0.7820, Best Test F1-Micro: 0.7820 (in Epoch 100), Test F1-Macro: 0.7813, Best Test F1-Macro: 0.7813 (in Epoch 100)
2022-11-11 15:49:32 [INFO] [Train] Epoch: 101, Loss: 0.36172
2022-11-11 15:49:33 [INFO] [Train] Epoch: 102, Loss: 0.36151
2022-11-11 15:49:33 [INFO] [Train] Epoch: 103, Loss: 0.36419
2022-11-11 15:49:33 [INFO] [Train] Epoch: 104, Loss: 0.35980
2022-11-11 15:49:33 [INFO] [Train] Epoch: 105, Loss: 0.36047
2022-11-11 15:49:33 [INFO] [Train] Epoch: 106, Loss: 0.36030
2022-11-11 15:49:33 [INFO] [Train] Epoch: 107, Loss: 0.36312
2022-11-11 15:49:33 [INFO] [Train] Epoch: 108, Loss: 0.35587
2022-11-11 15:49:33 [INFO] [Train] Epoch: 109, Loss: 0.35590
2022-11-11 15:49:33 [INFO] [Train] Epoch: 110, Loss: 0.35683
2022-11-11 15:49:36 [WARNING] Linear模型尚未完全收敛！
2022-11-11 15:49:36 [INFO] [Val] Epoch: 110, Val F1-Micro: 0.7880, Best Val F1-Micro: 0.7920 (in Epoch 100), Val F1-Macro: 0.7979, Best Val F1-Macro: 0.8020 (in Epoch 100)
2022-11-11 15:49:36 [INFO] [Test] Epoch: 110, Test F1-Micro: 0.7840, Best Test F1-Micro: 0.7840 (in Epoch 110), Test F1-Macro: 0.7840, Best Test F1-Macro: 0.7840 (in Epoch 110)
2022-11-11 15:49:36 [INFO] [Train] Epoch: 111, Loss: 0.35596
2022-11-11 15:49:36 [INFO] [Train] Epoch: 112, Loss: 0.35206
2022-11-11 15:49:36 [INFO] [Train] Epoch: 113, Loss: 0.34911
2022-11-11 15:49:36 [INFO] [Train] Epoch: 114, Loss: 0.34824
2022-11-11 15:49:36 [INFO] [Train] Epoch: 115, Loss: 0.34898
2022-11-11 15:49:36 [INFO] [Train] Epoch: 116, Loss: 0.34813
2022-11-11 15:49:36 [INFO] [Train] Epoch: 117, Loss: 0.34591
2022-11-11 15:49:36 [INFO] [Train] Epoch: 118, Loss: 0.34646
2022-11-11 15:49:36 [INFO] [Train] Epoch: 119, Loss: 0.34120
2022-11-11 15:49:37 [INFO] [Train] Epoch: 120, Loss: 0.34320
2022-11-11 15:49:39 [INFO] [Val] Epoch: 120, Val F1-Micro: 0.7920, Best Val F1-Micro: 0.7920 (in Epoch 100), Val F1-Macro: 0.8011, Best Val F1-Macro: 0.8020 (in Epoch 100)
2022-11-11 15:49:39 [INFO] [Test] Epoch: 120, Test F1-Micro: 0.7810, Best Test F1-Micro: 0.7840 (in Epoch 110), Test F1-Macro: 0.7808, Best Test F1-Macro: 0.7840 (in Epoch 110)
2022-11-11 15:49:39 [INFO] [Train] Epoch: 121, Loss: 0.34458
2022-11-11 15:49:39 [INFO] [Train] Epoch: 122, Loss: 0.33650
2022-11-11 15:49:39 [INFO] [Train] Epoch: 123, Loss: 0.34414
2022-11-11 15:49:39 [INFO] [Train] Epoch: 124, Loss: 0.34204
2022-11-11 15:49:39 [INFO] [Train] Epoch: 125, Loss: 0.34761
2022-11-11 15:49:39 [INFO] [Train] Epoch: 126, Loss: 0.35034
2022-11-11 15:49:39 [INFO] [Train] Epoch: 127, Loss: 0.34479
2022-11-11 15:49:39 [INFO] [Train] Epoch: 128, Loss: 0.33736
2022-11-11 15:49:40 [INFO] [Train] Epoch: 129, Loss: 0.33619
2022-11-11 15:49:40 [INFO] [Train] Epoch: 130, Loss: 0.34329
2022-11-11 15:49:42 [WARNING] Linear模型尚未完全收敛！
2022-11-11 15:49:42 [INFO] [Val] Epoch: 130, Val F1-Micro: 0.7920, Best Val F1-Micro: 0.7920 (in Epoch 100), Val F1-Macro: 0.8013, Best Val F1-Macro: 0.8020 (in Epoch 100)
2022-11-11 15:49:42 [INFO] [Test] Epoch: 130, Test F1-Micro: 0.7840, Best Test F1-Micro: 0.7840 (in Epoch 110), Test F1-Macro: 0.7834, Best Test F1-Macro: 0.7840 (in Epoch 110)
2022-11-11 15:49:42 [INFO] [Train] Epoch: 131, Loss: 0.33706
2022-11-11 15:49:42 [INFO] [Train] Epoch: 132, Loss: 0.33116
2022-11-11 15:49:42 [INFO] [Train] Epoch: 133, Loss: 0.33687
2022-11-11 15:49:42 [INFO] [Train] Epoch: 134, Loss: 0.33696
2022-11-11 15:49:42 [INFO] [Train] Epoch: 135, Loss: 0.33107
2022-11-11 15:49:42 [INFO] [Train] Epoch: 136, Loss: 0.33237
2022-11-11 15:49:42 [INFO] [Train] Epoch: 137, Loss: 0.33270
2022-11-11 15:49:43 [INFO] [Train] Epoch: 138, Loss: 0.33743
2022-11-11 15:49:43 [INFO] [Train] Epoch: 139, Loss: 0.32321
2022-11-11 15:49:43 [INFO] [Train] Epoch: 140, Loss: 0.32561
2022-11-11 15:49:45 [WARNING] Linear模型尚未完全收敛！
2022-11-11 15:49:45 [INFO] [Val] Epoch: 140, Val F1-Micro: 0.7920, Best Val F1-Micro: 0.7920 (in Epoch 100), Val F1-Macro: 0.8013, Best Val F1-Macro: 0.8020 (in Epoch 100)
2022-11-11 15:49:45 [INFO] [Test] Epoch: 140, Test F1-Micro: 0.7820, Best Test F1-Micro: 0.7840 (in Epoch 110), Test F1-Macro: 0.7830, Best Test F1-Macro: 0.7840 (in Epoch 110)
2022-11-11 15:49:45 [INFO] [Train] Epoch: 141, Loss: 0.33221
2022-11-11 15:49:45 [INFO] [Train] Epoch: 142, Loss: 0.32620
2022-11-11 15:49:45 [INFO] [Train] Epoch: 143, Loss: 0.32334
2022-11-11 15:49:45 [INFO] [Train] Epoch: 144, Loss: 0.32247
2022-11-11 15:49:45 [INFO] [Train] Epoch: 145, Loss: 0.32400
2022-11-11 15:49:45 [INFO] [Train] Epoch: 146, Loss: 0.32505
2022-11-11 15:49:45 [INFO] [Train] Epoch: 147, Loss: 0.32045
2022-11-11 15:49:46 [INFO] [Train] Epoch: 148, Loss: 0.32115
2022-11-11 15:49:46 [INFO] [Train] Epoch: 149, Loss: 0.32266
2022-11-11 15:49:46 [INFO] [Train] Epoch: 150, Loss: 0.31936
2022-11-11 15:49:48 [INFO] [Val] Epoch: 150, Val F1-Micro: 0.7900, Best Val F1-Micro: 0.7920 (in Epoch 100), Val F1-Macro: 0.7996, Best Val F1-Macro: 0.8020 (in Epoch 100)
2022-11-11 15:49:48 [INFO] [Test] Epoch: 150, Test F1-Micro: 0.7860, Best Test F1-Micro: 0.7860 (in Epoch 150), Test F1-Macro: 0.7869, Best Test F1-Macro: 0.7869 (in Epoch 150)
2022-11-11 15:49:48 [INFO] [Train] Epoch: 151, Loss: 0.31299
2022-11-11 15:49:48 [INFO] [Train] Epoch: 152, Loss: 0.31591
2022-11-11 15:49:48 [INFO] [Train] Epoch: 153, Loss: 0.31859
2022-11-11 15:49:48 [INFO] [Train] Epoch: 154, Loss: 0.31647
2022-11-11 15:49:48 [INFO] [Train] Epoch: 155, Loss: 0.30801
2022-11-11 15:49:48 [INFO] [Train] Epoch: 156, Loss: 0.31159
2022-11-11 15:49:49 [INFO] [Train] Epoch: 157, Loss: 0.31217
2022-11-11 15:49:49 [INFO] [Train] Epoch: 158, Loss: 0.31031
2022-11-11 15:49:49 [INFO] [Train] Epoch: 159, Loss: 0.31014
2022-11-11 15:49:49 [INFO] [Train] Epoch: 160, Loss: 0.30803
2022-11-11 15:49:51 [INFO] [Val] Epoch: 160, Val F1-Micro: 0.7900, Best Val F1-Micro: 0.7920 (in Epoch 100), Val F1-Macro: 0.7995, Best Val F1-Macro: 0.8020 (in Epoch 100)
2022-11-11 15:49:51 [INFO] [Test] Epoch: 160, Test F1-Micro: 0.7850, Best Test F1-Micro: 0.7860 (in Epoch 150), Test F1-Macro: 0.7854, Best Test F1-Macro: 0.7869 (in Epoch 150)
2022-11-11 15:49:51 [INFO] [Train] Epoch: 161, Loss: 0.30676
2022-11-11 15:49:51 [INFO] [Train] Epoch: 162, Loss: 0.30423
2022-11-11 15:49:51 [INFO] [Train] Epoch: 163, Loss: 0.30364
2022-11-11 15:49:51 [INFO] [Train] Epoch: 164, Loss: 0.30586
2022-11-11 15:49:51 [INFO] [Train] Epoch: 165, Loss: 0.30508
2022-11-11 15:49:51 [INFO] [Train] Epoch: 166, Loss: 0.30291
2022-11-11 15:49:52 [INFO] [Train] Epoch: 167, Loss: 0.30211
2022-11-11 15:49:52 [INFO] [Train] Epoch: 168, Loss: 0.30165
2022-11-11 15:49:52 [INFO] [Train] Epoch: 169, Loss: 0.29874
2022-11-11 15:49:52 [INFO] [Train] Epoch: 170, Loss: 0.30205
2022-11-11 15:49:54 [INFO] [Val] Epoch: 170, Val F1-Micro: 0.7900, Best Val F1-Micro: 0.7920 (in Epoch 100), Val F1-Macro: 0.8002, Best Val F1-Macro: 0.8020 (in Epoch 100)
2022-11-11 15:49:54 [INFO] [Test] Epoch: 170, Test F1-Micro: 0.7850, Best Test F1-Micro: 0.7860 (in Epoch 150), Test F1-Macro: 0.7856, Best Test F1-Macro: 0.7869 (in Epoch 150)
2022-11-11 15:49:54 [INFO] [Train] Epoch: 171, Loss: 0.30353
2022-11-11 15:49:54 [INFO] [Train] Epoch: 172, Loss: 0.30010
2022-11-11 15:49:54 [INFO] [Train] Epoch: 173, Loss: 0.30251
2022-11-11 15:49:54 [INFO] [Train] Epoch: 174, Loss: 0.29602
2022-11-11 15:49:54 [INFO] [Train] Epoch: 175, Loss: 0.29892
2022-11-11 15:49:55 [INFO] [Train] Epoch: 176, Loss: 0.29436
2022-11-11 15:49:55 [INFO] [Train] Epoch: 177, Loss: 0.29238
2022-11-11 15:49:55 [INFO] [Train] Epoch: 178, Loss: 0.29647
2022-11-11 15:49:55 [INFO] [Train] Epoch: 179, Loss: 0.29231
2022-11-11 15:49:55 [INFO] [Train] Epoch: 180, Loss: 0.29608
2022-11-11 15:49:57 [WARNING] Linear模型尚未完全收敛！
2022-11-11 15:49:57 [INFO] [Val] Epoch: 180, Val F1-Micro: 0.7940, Best Val F1-Micro: 0.7940 (in Epoch 180), Val F1-Macro: 0.8037, Best Val F1-Macro: 0.8037 (in Epoch 180)
2022-11-11 15:49:57 [INFO] [Test] Epoch: 180, Test F1-Micro: 0.7850, Best Test F1-Micro: 0.7860 (in Epoch 150), Test F1-Macro: 0.7865, Best Test F1-Macro: 0.7869 (in Epoch 150)
2022-11-11 15:49:57 [INFO] [Train] Epoch: 181, Loss: 0.29770
2022-11-11 15:49:57 [INFO] [Train] Epoch: 182, Loss: 0.31349
2022-11-11 15:49:57 [INFO] [Train] Epoch: 183, Loss: 0.32623
2022-11-11 15:49:57 [INFO] [Train] Epoch: 184, Loss: 0.34129
2022-11-11 15:49:58 [INFO] [Train] Epoch: 185, Loss: 0.29788
2022-11-11 15:49:58 [INFO] [Train] Epoch: 186, Loss: 0.29977
2022-11-11 15:49:58 [INFO] [Train] Epoch: 187, Loss: 0.32982
2022-11-11 15:49:58 [INFO] [Train] Epoch: 188, Loss: 0.29102
2022-11-11 15:49:58 [INFO] [Train] Epoch: 189, Loss: 0.29655
2022-11-11 15:49:58 [INFO] [Train] Epoch: 190, Loss: 0.30474
2022-11-11 15:50:00 [INFO] [Val] Epoch: 190, Val F1-Micro: 0.7920, Best Val F1-Micro: 0.7940 (in Epoch 180), Val F1-Macro: 0.8020, Best Val F1-Macro: 0.8037 (in Epoch 180)
2022-11-11 15:50:00 [INFO] [Test] Epoch: 190, Test F1-Micro: 0.7870, Best Test F1-Micro: 0.7870 (in Epoch 190), Test F1-Macro: 0.7875, Best Test F1-Macro: 0.7875 (in Epoch 190)
2022-11-11 15:50:00 [INFO] [Train] Epoch: 191, Loss: 0.28988
2022-11-11 15:50:00 [INFO] [Train] Epoch: 192, Loss: 0.30056
2022-11-11 15:50:00 [INFO] [Train] Epoch: 193, Loss: 0.30249
2022-11-11 15:50:01 [INFO] [Train] Epoch: 194, Loss: 0.28281
2022-11-11 15:50:01 [INFO] [Train] Epoch: 195, Loss: 0.30582
2022-11-11 15:50:01 [INFO] [Train] Epoch: 196, Loss: 0.29539
2022-11-11 15:50:01 [INFO] [Train] Epoch: 197, Loss: 0.28538
2022-11-11 15:50:01 [INFO] [Train] Epoch: 198, Loss: 0.29564
2022-11-11 15:50:01 [INFO] [Train] Epoch: 199, Loss: 0.28676
2022-11-11 15:50:01 [INFO] [Train] Epoch: 200, Loss: 0.28367
2022-11-11 15:50:03 [WARNING] Linear模型尚未完全收敛！
2022-11-11 15:50:03 [INFO] [Val] Epoch: 200, Val F1-Micro: 0.7940, Best Val F1-Micro: 0.7940 (in Epoch 180), Val F1-Macro: 0.8038, Best Val F1-Macro: 0.8038 (in Epoch 200)
2022-11-11 15:50:03 [INFO] [Test] Epoch: 200, Test F1-Micro: 0.7860, Best Test F1-Micro: 0.7870 (in Epoch 190), Test F1-Macro: 0.7874, Best Test F1-Macro: 0.7875 (in Epoch 190)
2022-11-11 15:50:03 [INFO] [Train] Epoch: 201, Loss: 0.29060
2022-11-11 15:50:03 [INFO] [Train] Epoch: 202, Loss: 0.27849
2022-11-11 15:50:03 [INFO] [Train] Epoch: 203, Loss: 0.28443
2022-11-11 15:50:04 [INFO] [Train] Epoch: 204, Loss: 0.28228
2022-11-11 15:50:04 [INFO] [Train] Epoch: 205, Loss: 0.27721
2022-11-11 15:50:04 [INFO] [Train] Epoch: 206, Loss: 0.28237
2022-11-11 15:50:04 [INFO] [Train] Epoch: 207, Loss: 0.27598
2022-11-11 15:50:04 [INFO] [Train] Epoch: 208, Loss: 0.28294
2022-11-11 15:50:04 [INFO] [Train] Epoch: 209, Loss: 0.28270
2022-11-11 15:50:04 [INFO] [Train] Epoch: 210, Loss: 0.27396
2022-11-11 15:50:06 [WARNING] Linear模型尚未完全收敛！
2022-11-11 15:50:06 [INFO] [Val] Epoch: 210, Val F1-Micro: 0.7940, Best Val F1-Micro: 0.7940 (in Epoch 180), Val F1-Macro: 0.8037, Best Val F1-Macro: 0.8038 (in Epoch 200)
2022-11-11 15:50:06 [INFO] [Test] Epoch: 210, Test F1-Micro: 0.7850, Best Test F1-Micro: 0.7870 (in Epoch 190), Test F1-Macro: 0.7860, Best Test F1-Macro: 0.7875 (in Epoch 190)
2022-11-11 15:50:06 [INFO] [Train] Epoch: 211, Loss: 0.27876
2022-11-11 15:50:06 [INFO] [Train] Epoch: 212, Loss: 0.27808
2022-11-11 15:50:07 [INFO] [Train] Epoch: 213, Loss: 0.27655
2022-11-11 15:50:07 [INFO] [Train] Epoch: 214, Loss: 0.27720
2022-11-11 15:50:07 [INFO] [Train] Epoch: 215, Loss: 0.27220
2022-11-11 15:50:07 [INFO] [Train] Epoch: 216, Loss: 0.27040
2022-11-11 15:50:07 [INFO] [Train] Epoch: 217, Loss: 0.27349
2022-11-11 15:50:07 [INFO] [Train] Epoch: 218, Loss: 0.27389
2022-11-11 15:50:07 [INFO] [Train] Epoch: 219, Loss: 0.26921
2022-11-11 15:50:07 [INFO] [Train] Epoch: 220, Loss: 0.27210
2022-11-11 15:50:09 [WARNING] Linear模型尚未完全收敛！
2022-11-11 15:50:09 [INFO] [Val] Epoch: 220, Val F1-Micro: 0.7960, Best Val F1-Micro: 0.7960 (in Epoch 220), Val F1-Macro: 0.8054, Best Val F1-Macro: 0.8054 (in Epoch 220)
2022-11-11 15:50:09 [INFO] [Test] Epoch: 220, Test F1-Micro: 0.7890, Best Test F1-Micro: 0.7890 (in Epoch 220), Test F1-Macro: 0.7895, Best Test F1-Macro: 0.7895 (in Epoch 220)
2022-11-11 15:50:09 [INFO] [Train] Epoch: 221, Loss: 0.27027
2022-11-11 15:50:09 [INFO] [Train] Epoch: 222, Loss: 0.26805
2022-11-11 15:50:10 [INFO] [Train] Epoch: 223, Loss: 0.27169
2022-11-11 15:50:10 [INFO] [Train] Epoch: 224, Loss: 0.26810
2022-11-11 15:50:10 [INFO] [Train] Epoch: 225, Loss: 0.26507
2022-11-11 15:50:10 [INFO] [Train] Epoch: 226, Loss: 0.26936
2022-11-11 15:50:10 [INFO] [Train] Epoch: 227, Loss: 0.26645
2022-11-11 15:50:10 [INFO] [Train] Epoch: 228, Loss: 0.26552
2022-11-11 15:50:10 [INFO] [Train] Epoch: 229, Loss: 0.26707
2022-11-11 15:50:10 [INFO] [Train] Epoch: 230, Loss: 0.26619
2022-11-11 15:50:12 [WARNING] Linear模型尚未完全收敛！
2022-11-11 15:50:12 [INFO] [Val] Epoch: 230, Val F1-Micro: 0.7960, Best Val F1-Micro: 0.7960 (in Epoch 220), Val F1-Macro: 0.8054, Best Val F1-Macro: 0.8054 (in Epoch 220)
2022-11-11 15:50:12 [INFO] [Test] Epoch: 230, Test F1-Micro: 0.7860, Best Test F1-Micro: 0.7890 (in Epoch 220), Test F1-Macro: 0.7871, Best Test F1-Macro: 0.7895 (in Epoch 220)
2022-11-11 15:50:12 [INFO] [Train] Epoch: 231, Loss: 0.26487
2022-11-11 15:50:13 [INFO] [Train] Epoch: 232, Loss: 0.26359
2022-11-11 15:50:13 [INFO] [Train] Epoch: 233, Loss: 0.26417
2022-11-11 15:50:13 [INFO] [Train] Epoch: 234, Loss: 0.26043
2022-11-11 15:50:13 [INFO] [Train] Epoch: 235, Loss: 0.26074
2022-11-11 15:50:13 [INFO] [Train] Epoch: 236, Loss: 0.25577
2022-11-11 15:50:13 [INFO] [Train] Epoch: 237, Loss: 0.26027
2022-11-11 15:50:13 [INFO] [Train] Epoch: 238, Loss: 0.26151
2022-11-11 15:50:13 [INFO] [Train] Epoch: 239, Loss: 0.26569
2022-11-11 15:50:13 [INFO] [Train] Epoch: 240, Loss: 0.26138
2022-11-11 15:50:16 [WARNING] Linear模型尚未完全收敛！
2022-11-11 15:50:16 [INFO] [Val] Epoch: 240, Val F1-Micro: 0.7980, Best Val F1-Micro: 0.7980 (in Epoch 240), Val F1-Macro: 0.8070, Best Val F1-Macro: 0.8070 (in Epoch 240)
2022-11-11 15:50:16 [INFO] [Test] Epoch: 240, Test F1-Micro: 0.7890, Best Test F1-Micro: 0.7890 (in Epoch 220), Test F1-Macro: 0.7900, Best Test F1-Macro: 0.7900 (in Epoch 240)
2022-11-11 15:50:16 [INFO] [Train] Epoch: 241, Loss: 0.26336
2022-11-11 15:50:16 [INFO] [Train] Epoch: 242, Loss: 0.25914
2022-11-11 15:50:16 [INFO] [Train] Epoch: 243, Loss: 0.25979
2022-11-11 15:50:16 [INFO] [Train] Epoch: 244, Loss: 0.25972
2022-11-11 15:50:16 [INFO] [Train] Epoch: 245, Loss: 0.25937
2022-11-11 15:50:16 [INFO] [Train] Epoch: 246, Loss: 0.25424
2022-11-11 15:50:16 [INFO] [Train] Epoch: 247, Loss: 0.25506
2022-11-11 15:50:16 [INFO] [Train] Epoch: 248, Loss: 0.25566
2022-11-11 15:50:16 [INFO] [Train] Epoch: 249, Loss: 0.25113
2022-11-11 15:50:17 [INFO] [Train] Epoch: 250, Loss: 0.25588
2022-11-11 15:50:19 [WARNING] Linear模型尚未完全收敛！
2022-11-11 15:50:19 [INFO] [Val] Epoch: 250, Val F1-Micro: 0.8000, Best Val F1-Micro: 0.8000 (in Epoch 250), Val F1-Macro: 0.8087, Best Val F1-Macro: 0.8087 (in Epoch 250)
2022-11-11 15:50:19 [INFO] [Test] Epoch: 250, Test F1-Micro: 0.7900, Best Test F1-Micro: 0.7900 (in Epoch 250), Test F1-Macro: 0.7903, Best Test F1-Macro: 0.7903 (in Epoch 250)
2022-11-11 15:50:19 [INFO] [Train] Epoch: 251, Loss: 0.25513
2022-11-11 15:50:19 [INFO] [Train] Epoch: 252, Loss: 0.24997
2022-11-11 15:50:19 [INFO] [Train] Epoch: 253, Loss: 0.25040
2022-11-11 15:50:19 [INFO] [Train] Epoch: 254, Loss: 0.25447
2022-11-11 15:50:19 [INFO] [Train] Epoch: 255, Loss: 0.25525
2022-11-11 15:50:19 [INFO] [Train] Epoch: 256, Loss: 0.25423
2022-11-11 15:50:19 [INFO] [Train] Epoch: 257, Loss: 0.25141
2022-11-11 15:50:19 [INFO] [Train] Epoch: 258, Loss: 0.24998
2022-11-11 15:50:20 [INFO] [Train] Epoch: 259, Loss: 0.24911
2022-11-11 15:50:20 [INFO] [Train] Epoch: 260, Loss: 0.24991
2022-11-11 15:50:22 [WARNING] Linear模型尚未完全收敛！
2022-11-11 15:50:22 [INFO] [Val] Epoch: 260, Val F1-Micro: 0.8000, Best Val F1-Micro: 0.8000 (in Epoch 250), Val F1-Macro: 0.8087, Best Val F1-Macro: 0.8087 (in Epoch 250)
2022-11-11 15:50:22 [INFO] [Test] Epoch: 260, Test F1-Micro: 0.7910, Best Test F1-Micro: 0.7910 (in Epoch 260), Test F1-Macro: 0.7915, Best Test F1-Macro: 0.7915 (in Epoch 260)
2022-11-11 15:50:22 [INFO] [Train] Epoch: 261, Loss: 0.24709
2022-11-11 15:50:22 [INFO] [Train] Epoch: 262, Loss: 0.24982
2022-11-11 15:50:22 [INFO] [Train] Epoch: 263, Loss: 0.25090
2022-11-11 15:50:22 [INFO] [Train] Epoch: 264, Loss: 0.24622
2022-11-11 15:50:22 [INFO] [Train] Epoch: 265, Loss: 0.24519
2022-11-11 15:50:22 [INFO] [Train] Epoch: 266, Loss: 0.24326
2022-11-11 15:50:22 [INFO] [Train] Epoch: 267, Loss: 0.24417
2022-11-11 15:50:22 [INFO] [Train] Epoch: 268, Loss: 0.24471
2022-11-11 15:50:23 [INFO] [Train] Epoch: 269, Loss: 0.24600
2022-11-11 15:50:23 [INFO] [Train] Epoch: 270, Loss: 0.24404
2022-11-11 15:50:25 [WARNING] Linear模型尚未完全收敛！
2022-11-11 15:50:25 [INFO] [Val] Epoch: 270, Val F1-Micro: 0.7980, Best Val F1-Micro: 0.8000 (in Epoch 250), Val F1-Macro: 0.8070, Best Val F1-Macro: 0.8087 (in Epoch 250)
2022-11-11 15:50:25 [INFO] [Test] Epoch: 270, Test F1-Micro: 0.7920, Best Test F1-Micro: 0.7920 (in Epoch 270), Test F1-Macro: 0.7932, Best Test F1-Macro: 0.7932 (in Epoch 270)
2022-11-11 15:50:25 [INFO] [Train] Epoch: 271, Loss: 0.24523
2022-11-11 15:50:25 [INFO] [Train] Epoch: 272, Loss: 0.24473
2022-11-11 15:50:25 [INFO] [Train] Epoch: 273, Loss: 0.24961
2022-11-11 15:50:25 [INFO] [Train] Epoch: 274, Loss: 0.25794
2022-11-11 15:50:25 [INFO] [Train] Epoch: 275, Loss: 0.28306
2022-11-11 15:50:25 [INFO] [Train] Epoch: 276, Loss: 0.28677
2022-11-11 15:50:25 [INFO] [Train] Epoch: 277, Loss: 0.28165
2022-11-11 15:50:26 [INFO] [Train] Epoch: 278, Loss: 0.24058
2022-11-11 15:50:26 [INFO] [Train] Epoch: 279, Loss: 0.25658
2022-11-11 15:50:26 [INFO] [Train] Epoch: 280, Loss: 0.29357
2022-11-11 15:50:28 [WARNING] Linear模型尚未完全收敛！
2022-11-11 15:50:28 [INFO] [Val] Epoch: 280, Val F1-Micro: 0.7980, Best Val F1-Micro: 0.8000 (in Epoch 250), Val F1-Macro: 0.8070, Best Val F1-Macro: 0.8087 (in Epoch 250)
2022-11-11 15:50:28 [INFO] [Test] Epoch: 280, Test F1-Micro: 0.7910, Best Test F1-Micro: 0.7920 (in Epoch 270), Test F1-Macro: 0.7911, Best Test F1-Macro: 0.7932 (in Epoch 270)
2022-11-11 15:50:28 [INFO] [Train] Epoch: 281, Loss: 0.24748
2022-11-11 15:50:28 [INFO] [Train] Epoch: 282, Loss: 0.24907
2022-11-11 15:50:28 [INFO] [Train] Epoch: 283, Loss: 0.28231
2022-11-11 15:50:28 [INFO] [Train] Epoch: 284, Loss: 0.24076
2022-11-11 15:50:28 [INFO] [Train] Epoch: 285, Loss: 0.25338
2022-11-11 15:50:28 [INFO] [Train] Epoch: 286, Loss: 0.27018
2022-11-11 15:50:29 [INFO] [Train] Epoch: 287, Loss: 0.23652
2022-11-11 15:50:29 [INFO] [Train] Epoch: 288, Loss: 0.26057
2022-11-11 15:50:29 [INFO] [Train] Epoch: 289, Loss: 0.27123
2022-11-11 15:50:29 [INFO] [Train] Epoch: 290, Loss: 0.23252
2022-11-11 15:50:31 [WARNING] Linear模型尚未完全收敛！
2022-11-11 15:50:31 [INFO] [Val] Epoch: 290, Val F1-Micro: 0.7940, Best Val F1-Micro: 0.8000 (in Epoch 250), Val F1-Macro: 0.8029, Best Val F1-Macro: 0.8087 (in Epoch 250)
2022-11-11 15:50:31 [INFO] [Test] Epoch: 290, Test F1-Micro: 0.7900, Best Test F1-Micro: 0.7920 (in Epoch 270), Test F1-Macro: 0.7911, Best Test F1-Macro: 0.7932 (in Epoch 270)
2022-11-11 15:50:31 [INFO] [Train] Epoch: 291, Loss: 0.27269
2022-11-11 15:50:31 [INFO] [Train] Epoch: 292, Loss: 0.26713
2022-11-11 15:50:31 [INFO] [Train] Epoch: 293, Loss: 0.24108
2022-11-11 15:50:31 [INFO] [Train] Epoch: 294, Loss: 0.28174
2022-11-11 15:50:31 [INFO] [Train] Epoch: 295, Loss: 0.25048
2022-11-11 15:50:31 [INFO] [Train] Epoch: 296, Loss: 0.24942
2022-11-11 15:50:32 [INFO] [Train] Epoch: 297, Loss: 0.26662
2022-11-11 15:50:32 [INFO] [Train] Epoch: 298, Loss: 0.23627
2022-11-11 15:50:32 [INFO] [Train] Epoch: 299, Loss: 0.25115
2022-11-11 15:50:32 [INFO] [Train] Epoch: 300, Loss: 0.24540
2022-11-11 15:50:34 [WARNING] Linear模型尚未完全收敛！
2022-11-11 15:50:34 [INFO] [Val] Epoch: 300, Val F1-Micro: 0.8000, Best Val F1-Micro: 0.8000 (in Epoch 250), Val F1-Macro: 0.8087, Best Val F1-Macro: 0.8087 (in Epoch 250)
2022-11-11 15:50:34 [INFO] [Test] Epoch: 300, Test F1-Micro: 0.7910, Best Test F1-Micro: 0.7920 (in Epoch 270), Test F1-Macro: 0.7923, Best Test F1-Macro: 0.7932 (in Epoch 270)
2022-11-11 15:50:34 [INFO] [Train] Epoch: 301, Loss: 0.23014
2022-11-11 15:50:34 [INFO] [Train] Epoch: 302, Loss: 0.24856
2022-11-11 15:50:34 [INFO] [Train] Epoch: 303, Loss: 0.22697
2022-11-11 15:50:34 [INFO] [Train] Epoch: 304, Loss: 0.24217
2022-11-11 15:50:34 [INFO] [Train] Epoch: 305, Loss: 0.23848
2022-11-11 15:50:35 [INFO] [Train] Epoch: 306, Loss: 0.23173
2022-11-11 15:50:35 [INFO] [Train] Epoch: 307, Loss: 0.23933
2022-11-11 15:50:35 [INFO] [Train] Epoch: 308, Loss: 0.22740
2022-11-11 15:50:35 [INFO] [Train] Epoch: 309, Loss: 0.23773
2022-11-11 15:50:35 [INFO] [Train] Epoch: 310, Loss: 0.23536
2022-11-11 15:50:37 [INFO] [Val] Epoch: 310, Val F1-Micro: 0.7940, Best Val F1-Micro: 0.8000 (in Epoch 250), Val F1-Macro: 0.8036, Best Val F1-Macro: 0.8087 (in Epoch 250)
2022-11-11 15:50:37 [INFO] [Test] Epoch: 310, Test F1-Micro: 0.7920, Best Test F1-Micro: 0.7920 (in Epoch 270), Test F1-Macro: 0.7927, Best Test F1-Macro: 0.7932 (in Epoch 270)
2022-11-11 15:50:37 [INFO] [Train] Epoch: 311, Loss: 0.22459
2022-11-11 15:50:37 [INFO] [Train] Epoch: 312, Loss: 0.23481
2022-11-11 15:50:37 [INFO] [Train] Epoch: 313, Loss: 0.23035
2022-11-11 15:50:37 [INFO] [Train] Epoch: 314, Loss: 0.23423
2022-11-11 15:50:38 [INFO] [Train] Epoch: 315, Loss: 0.22954
2022-11-11 15:50:38 [INFO] [Train] Epoch: 316, Loss: 0.22160
2022-11-11 15:50:38 [INFO] [Train] Epoch: 317, Loss: 0.23046
2022-11-11 15:50:38 [INFO] [Train] Epoch: 318, Loss: 0.22875
2022-11-11 15:50:38 [INFO] [Train] Epoch: 319, Loss: 0.22725
2022-11-11 15:50:38 [INFO] [Train] Epoch: 320, Loss: 0.22890
2022-11-11 15:50:40 [WARNING] Linear模型尚未完全收敛！
2022-11-11 15:50:40 [INFO] [Val] Epoch: 320, Val F1-Micro: 0.8020, Best Val F1-Micro: 0.8020 (in Epoch 320), Val F1-Macro: 0.8105, Best Val F1-Macro: 0.8105 (in Epoch 320)
2022-11-11 15:50:40 [INFO] [Test] Epoch: 320, Test F1-Micro: 0.7940, Best Test F1-Micro: 0.7940 (in Epoch 320), Test F1-Macro: 0.7953, Best Test F1-Macro: 0.7953 (in Epoch 320)
2022-11-11 15:50:40 [INFO] [Train] Epoch: 321, Loss: 0.22717
2022-11-11 15:50:40 [INFO] [Train] Epoch: 322, Loss: 0.22115
2022-11-11 15:50:40 [INFO] [Train] Epoch: 323, Loss: 0.22527
2022-11-11 15:50:41 [INFO] [Train] Epoch: 324, Loss: 0.22357
2022-11-11 15:50:41 [INFO] [Train] Epoch: 325, Loss: 0.21995
2022-11-11 15:50:41 [INFO] [Train] Epoch: 326, Loss: 0.22092
2022-11-11 15:50:41 [INFO] [Train] Epoch: 327, Loss: 0.22552
2022-11-11 15:50:41 [INFO] [Train] Epoch: 328, Loss: 0.22203
2022-11-11 15:50:41 [INFO] [Train] Epoch: 329, Loss: 0.22046
2022-11-11 15:50:41 [INFO] [Train] Epoch: 330, Loss: 0.21780
2022-11-11 15:50:43 [WARNING] Linear模型尚未完全收敛！
2022-11-11 15:50:43 [INFO] [Val] Epoch: 330, Val F1-Micro: 0.7980, Best Val F1-Micro: 0.8020 (in Epoch 320), Val F1-Macro: 0.8071, Best Val F1-Macro: 0.8105 (in Epoch 320)
2022-11-11 15:50:43 [INFO] [Test] Epoch: 330, Test F1-Micro: 0.7930, Best Test F1-Micro: 0.7940 (in Epoch 320), Test F1-Macro: 0.7944, Best Test F1-Macro: 0.7953 (in Epoch 320)
2022-11-11 15:50:43 [INFO] [Train] Epoch: 331, Loss: 0.22007
2022-11-11 15:50:43 [INFO] [Train] Epoch: 332, Loss: 0.21890
2022-11-11 15:50:44 [INFO] [Train] Epoch: 333, Loss: 0.21735
2022-11-11 15:50:44 [INFO] [Train] Epoch: 334, Loss: 0.21800
2022-11-11 15:50:44 [INFO] [Train] Epoch: 335, Loss: 0.22116
2022-11-11 15:50:44 [INFO] [Train] Epoch: 336, Loss: 0.21844
2022-11-11 15:50:44 [INFO] [Train] Epoch: 337, Loss: 0.21552
2022-11-11 15:50:44 [INFO] [Train] Epoch: 338, Loss: 0.21617
2022-11-11 15:50:44 [INFO] [Train] Epoch: 339, Loss: 0.21748
2022-11-11 15:50:44 [INFO] [Train] Epoch: 340, Loss: 0.21605
2022-11-11 15:50:46 [WARNING] Linear模型尚未完全收敛！
2022-11-11 15:50:46 [INFO] [Val] Epoch: 340, Val F1-Micro: 0.8040, Best Val F1-Micro: 0.8040 (in Epoch 340), Val F1-Macro: 0.8122, Best Val F1-Macro: 0.8122 (in Epoch 340)
2022-11-11 15:50:46 [INFO] [Test] Epoch: 340, Test F1-Micro: 0.7920, Best Test F1-Micro: 0.7940 (in Epoch 320), Test F1-Macro: 0.7932, Best Test F1-Macro: 0.7953 (in Epoch 320)
2022-11-11 15:50:46 [INFO] [Train] Epoch: 341, Loss: 0.21431
2022-11-11 15:50:46 [INFO] [Train] Epoch: 342, Loss: 0.21836
2022-11-11 15:50:47 [INFO] [Train] Epoch: 343, Loss: 0.21483
2022-11-11 15:50:47 [INFO] [Train] Epoch: 344, Loss: 0.21776
2022-11-11 15:50:47 [INFO] [Train] Epoch: 345, Loss: 0.21666
2022-11-11 15:50:47 [INFO] [Train] Epoch: 346, Loss: 0.21574
2022-11-11 15:50:47 [INFO] [Train] Epoch: 347, Loss: 0.21585
2022-11-11 15:50:47 [INFO] [Train] Epoch: 348, Loss: 0.21688
2022-11-11 15:50:47 [INFO] [Train] Epoch: 349, Loss: 0.21272
2022-11-11 15:50:47 [INFO] [Train] Epoch: 350, Loss: 0.21172
2022-11-11 15:50:49 [WARNING] Linear模型尚未完全收敛！
2022-11-11 15:50:49 [INFO] [Val] Epoch: 350, Val F1-Micro: 0.8020, Best Val F1-Micro: 0.8040 (in Epoch 340), Val F1-Macro: 0.8105, Best Val F1-Macro: 0.8122 (in Epoch 340)
2022-11-11 15:50:49 [INFO] [Test] Epoch: 350, Test F1-Micro: 0.7940, Best Test F1-Micro: 0.7940 (in Epoch 320), Test F1-Macro: 0.7948, Best Test F1-Macro: 0.7953 (in Epoch 320)
2022-11-11 15:50:49 [INFO] [Train] Epoch: 351, Loss: 0.21199
2022-11-11 15:50:50 [INFO] [Train] Epoch: 352, Loss: 0.21210
2022-11-11 15:50:50 [INFO] [Train] Epoch: 353, Loss: 0.21330
2022-11-11 15:50:50 [INFO] [Train] Epoch: 354, Loss: 0.20929
2022-11-11 15:50:50 [INFO] [Train] Epoch: 355, Loss: 0.21323
2022-11-11 15:50:50 [INFO] [Train] Epoch: 356, Loss: 0.20970
2022-11-11 15:50:50 [INFO] [Train] Epoch: 357, Loss: 0.21271
2022-11-11 15:50:50 [INFO] [Train] Epoch: 358, Loss: 0.21066
2022-11-11 15:50:50 [INFO] [Train] Epoch: 359, Loss: 0.20957
2022-11-11 15:50:50 [INFO] [Train] Epoch: 360, Loss: 0.20835
2022-11-11 15:50:53 [INFO] [Val] Epoch: 360, Val F1-Micro: 0.7960, Best Val F1-Micro: 0.8040 (in Epoch 340), Val F1-Macro: 0.8053, Best Val F1-Macro: 0.8122 (in Epoch 340)
2022-11-11 15:50:53 [INFO] [Test] Epoch: 360, Test F1-Micro: 0.7920, Best Test F1-Micro: 0.7940 (in Epoch 320), Test F1-Macro: 0.7924, Best Test F1-Macro: 0.7953 (in Epoch 320)
2022-11-11 15:50:53 [INFO] [Train] Epoch: 361, Loss: 0.21193
2022-11-11 15:50:53 [INFO] [Train] Epoch: 362, Loss: 0.20861
2022-11-11 15:50:53 [INFO] [Train] Epoch: 363, Loss: 0.21485
2022-11-11 15:50:53 [INFO] [Train] Epoch: 364, Loss: 0.21293
2022-11-11 15:50:53 [INFO] [Train] Epoch: 365, Loss: 0.20942
2022-11-11 15:50:53 [INFO] [Train] Epoch: 366, Loss: 0.20632
2022-11-11 15:50:53 [INFO] [Train] Epoch: 367, Loss: 0.21026
2022-11-11 15:50:53 [INFO] [Train] Epoch: 368, Loss: 0.20675
2022-11-11 15:50:53 [INFO] [Train] Epoch: 369, Loss: 0.20688
2022-11-11 15:50:54 [INFO] [Train] Epoch: 370, Loss: 0.20570
2022-11-11 15:50:56 [WARNING] Linear模型尚未完全收敛！
2022-11-11 15:50:56 [INFO] [Val] Epoch: 370, Val F1-Micro: 0.8000, Best Val F1-Micro: 0.8040 (in Epoch 340), Val F1-Macro: 0.8088, Best Val F1-Macro: 0.8122 (in Epoch 340)
2022-11-11 15:50:56 [INFO] [Test] Epoch: 370, Test F1-Micro: 0.7940, Best Test F1-Micro: 0.7940 (in Epoch 320), Test F1-Macro: 0.7951, Best Test F1-Macro: 0.7953 (in Epoch 320)
2022-11-11 15:50:56 [INFO] [Train] Epoch: 371, Loss: 0.20479
2022-11-11 15:50:56 [INFO] [Train] Epoch: 372, Loss: 0.20427
2022-11-11 15:50:56 [INFO] [Train] Epoch: 373, Loss: 0.20245
2022-11-11 15:50:56 [INFO] [Train] Epoch: 374, Loss: 0.20333
2022-11-11 15:50:56 [INFO] [Train] Epoch: 375, Loss: 0.20767
2022-11-11 15:50:56 [INFO] [Train] Epoch: 376, Loss: 0.20018
2022-11-11 15:50:56 [INFO] [Train] Epoch: 377, Loss: 0.20503
2022-11-11 15:50:56 [INFO] [Train] Epoch: 378, Loss: 0.20444
2022-11-11 15:50:57 [INFO] [Train] Epoch: 379, Loss: 0.20080
2022-11-11 15:50:57 [INFO] [Train] Epoch: 380, Loss: 0.20351
2022-11-11 15:50:59 [WARNING] Linear模型尚未完全收敛！
2022-11-11 15:50:59 [INFO] [Val] Epoch: 380, Val F1-Micro: 0.7980, Best Val F1-Micro: 0.8040 (in Epoch 340), Val F1-Macro: 0.8070, Best Val F1-Macro: 0.8122 (in Epoch 340)
2022-11-11 15:50:59 [INFO] [Test] Epoch: 380, Test F1-Micro: 0.7930, Best Test F1-Micro: 0.7940 (in Epoch 320), Test F1-Macro: 0.7943, Best Test F1-Macro: 0.7953 (in Epoch 320)
2022-11-11 15:50:59 [INFO] [Train] Epoch: 381, Loss: 0.20083
2022-11-11 15:50:59 [INFO] [Train] Epoch: 382, Loss: 0.20431
2022-11-11 15:50:59 [INFO] [Train] Epoch: 383, Loss: 0.20415
2022-11-11 15:50:59 [INFO] [Train] Epoch: 384, Loss: 0.20695
2022-11-11 15:50:59 [INFO] [Train] Epoch: 385, Loss: 0.20583
2022-11-11 15:50:59 [INFO] [Train] Epoch: 386, Loss: 0.20382
2022-11-11 15:50:59 [INFO] [Train] Epoch: 387, Loss: 0.19885
2022-11-11 15:50:59 [INFO] [Train] Epoch: 388, Loss: 0.20021
2022-11-11 15:51:00 [INFO] [Train] Epoch: 389, Loss: 0.20169
2022-11-11 15:51:00 [INFO] [Train] Epoch: 390, Loss: 0.20347
2022-11-11 15:51:02 [WARNING] Linear模型尚未完全收敛！
2022-11-11 15:51:02 [INFO] [Val] Epoch: 390, Val F1-Micro: 0.8020, Best Val F1-Micro: 0.8040 (in Epoch 340), Val F1-Macro: 0.8104, Best Val F1-Macro: 0.8122 (in Epoch 340)
2022-11-11 15:51:02 [INFO] [Test] Epoch: 390, Test F1-Micro: 0.7940, Best Test F1-Micro: 0.7940 (in Epoch 320), Test F1-Macro: 0.7956, Best Test F1-Macro: 0.7956 (in Epoch 390)
2022-11-11 15:51:02 [INFO] [Train] Epoch: 391, Loss: 0.20295
2022-11-11 15:51:02 [INFO] [Train] Epoch: 392, Loss: 0.19882
2022-11-11 15:51:02 [INFO] [Train] Epoch: 393, Loss: 0.19652
2022-11-11 15:51:02 [INFO] [Train] Epoch: 394, Loss: 0.20234
2022-11-11 15:51:02 [INFO] [Train] Epoch: 395, Loss: 0.19753
2022-11-11 15:51:02 [INFO] [Train] Epoch: 396, Loss: 0.19999
2022-11-11 15:51:02 [INFO] [Train] Epoch: 397, Loss: 0.20560
2022-11-11 15:51:03 [INFO] [Train] Epoch: 398, Loss: 0.20540
2022-11-11 15:51:03 [INFO] [Train] Epoch: 399, Loss: 0.19919
2022-11-11 15:51:03 [INFO] [Train] Epoch: 400, Loss: 0.19887
2022-11-11 15:51:05 [WARNING] Linear模型尚未完全收敛！
2022-11-11 15:51:05 [INFO] [Val] Epoch: 400, Val F1-Micro: 0.7980, Best Val F1-Micro: 0.8040 (in Epoch 340), Val F1-Macro: 0.8070, Best Val F1-Macro: 0.8122 (in Epoch 340)
2022-11-11 15:51:05 [INFO] [Test] Epoch: 400, Test F1-Micro: 0.7950, Best Test F1-Micro: 0.7950 (in Epoch 400), Test F1-Macro: 0.7967, Best Test F1-Macro: 0.7967 (in Epoch 400)
2022-11-11 15:51:05 [INFO] [Train] Epoch: 401, Loss: 0.19798
2022-11-11 15:51:05 [INFO] [Train] Epoch: 402, Loss: 0.19813
2022-11-11 15:51:05 [INFO] [Train] Epoch: 403, Loss: 0.19127
2022-11-11 15:51:05 [INFO] [Train] Epoch: 404, Loss: 0.19285
2022-11-11 15:51:05 [INFO] [Train] Epoch: 405, Loss: 0.19517
2022-11-11 15:51:05 [INFO] [Train] Epoch: 406, Loss: 0.19361
2022-11-11 15:51:06 [INFO] [Train] Epoch: 407, Loss: 0.19237
2022-11-11 15:51:06 [INFO] [Train] Epoch: 408, Loss: 0.19487
2022-11-11 15:51:06 [INFO] [Train] Epoch: 409, Loss: 0.19583
2022-11-11 15:51:06 [INFO] [Train] Epoch: 410, Loss: 0.19233
2022-11-11 15:51:08 [WARNING] Linear模型尚未完全收敛！
2022-11-11 15:51:08 [INFO] [Val] Epoch: 410, Val F1-Micro: 0.8000, Best Val F1-Micro: 0.8040 (in Epoch 340), Val F1-Macro: 0.8087, Best Val F1-Macro: 0.8122 (in Epoch 340)
2022-11-11 15:51:08 [INFO] [Test] Epoch: 410, Test F1-Micro: 0.7950, Best Test F1-Micro: 0.7950 (in Epoch 400), Test F1-Macro: 0.7963, Best Test F1-Macro: 0.7967 (in Epoch 400)
2022-11-11 15:51:08 [INFO] [Train] Epoch: 411, Loss: 0.19238
2022-11-11 15:51:08 [INFO] [Train] Epoch: 412, Loss: 0.19085
2022-11-11 15:51:08 [INFO] [Train] Epoch: 413, Loss: 0.19289
2022-11-11 15:51:08 [INFO] [Train] Epoch: 414, Loss: 0.19241
2022-11-11 15:51:08 [INFO] [Train] Epoch: 415, Loss: 0.20271
2022-11-11 15:51:08 [INFO] [Train] Epoch: 416, Loss: 0.20750
2022-11-11 15:51:09 [INFO] [Train] Epoch: 417, Loss: 0.22325
2022-11-11 15:51:09 [INFO] [Train] Epoch: 418, Loss: 0.21554
2022-11-11 15:51:09 [INFO] [Train] Epoch: 419, Loss: 0.22383
2022-11-11 15:51:09 [INFO] [Train] Epoch: 420, Loss: 0.19974
2022-11-11 15:51:11 [WARNING] Linear模型尚未完全收敛！
2022-11-11 15:51:11 [INFO] [Val] Epoch: 420, Val F1-Micro: 0.8000, Best Val F1-Micro: 0.8040 (in Epoch 340), Val F1-Macro: 0.8087, Best Val F1-Macro: 0.8122 (in Epoch 340)
2022-11-11 15:51:11 [INFO] [Test] Epoch: 420, Test F1-Micro: 0.7970, Best Test F1-Micro: 0.7970 (in Epoch 420), Test F1-Macro: 0.7978, Best Test F1-Macro: 0.7978 (in Epoch 420)
2022-11-11 15:51:11 [INFO] [Train] Epoch: 421, Loss: 0.18906
2022-11-11 15:51:11 [INFO] [Train] Epoch: 422, Loss: 0.19032
2022-11-11 15:51:11 [INFO] [Train] Epoch: 423, Loss: 0.19938
2022-11-11 15:51:11 [INFO] [Train] Epoch: 424, Loss: 0.20378
2022-11-11 15:51:11 [INFO] [Train] Epoch: 425, Loss: 0.19564
2022-11-11 15:51:12 [INFO] [Train] Epoch: 426, Loss: 0.18818
2022-11-11 15:51:12 [INFO] [Train] Epoch: 427, Loss: 0.18648
2022-11-11 15:51:12 [INFO] [Train] Epoch: 428, Loss: 0.19457
2022-11-11 15:51:12 [INFO] [Train] Epoch: 429, Loss: 0.19321
2022-11-11 15:51:12 [INFO] [Train] Epoch: 430, Loss: 0.18750
2022-11-11 15:51:14 [WARNING] Linear模型尚未完全收敛！
2022-11-11 15:51:14 [INFO] [Val] Epoch: 430, Val F1-Micro: 0.8040, Best Val F1-Micro: 0.8040 (in Epoch 340), Val F1-Macro: 0.8129, Best Val F1-Macro: 0.8129 (in Epoch 430)
2022-11-11 15:51:14 [INFO] [Test] Epoch: 430, Test F1-Micro: 0.7970, Best Test F1-Micro: 0.7970 (in Epoch 420), Test F1-Macro: 0.7984, Best Test F1-Macro: 0.7984 (in Epoch 430)
2022-11-11 15:51:14 [INFO] [Train] Epoch: 431, Loss: 0.18413
2022-11-11 15:51:14 [INFO] [Train] Epoch: 432, Loss: 0.18551
2022-11-11 15:51:14 [INFO] [Train] Epoch: 433, Loss: 0.18642
2022-11-11 15:51:14 [INFO] [Train] Epoch: 434, Loss: 0.18833
2022-11-11 15:51:15 [INFO] [Train] Epoch: 435, Loss: 0.18694
2022-11-11 15:51:15 [INFO] [Train] Epoch: 436, Loss: 0.18421
2022-11-11 15:51:15 [INFO] [Train] Epoch: 437, Loss: 0.18605
2022-11-11 15:51:15 [INFO] [Train] Epoch: 438, Loss: 0.18735
2022-11-11 15:51:15 [INFO] [Train] Epoch: 439, Loss: 0.18652
2022-11-11 15:51:15 [INFO] [Train] Epoch: 440, Loss: 0.18908
2022-11-11 15:51:17 [WARNING] Linear模型尚未完全收敛！
2022-11-11 15:51:17 [INFO] [Val] Epoch: 440, Val F1-Micro: 0.7960, Best Val F1-Micro: 0.8040 (in Epoch 340), Val F1-Macro: 0.8052, Best Val F1-Macro: 0.8129 (in Epoch 430)
2022-11-11 15:51:17 [INFO] [Test] Epoch: 440, Test F1-Micro: 0.7970, Best Test F1-Micro: 0.7970 (in Epoch 420), Test F1-Macro: 0.7984, Best Test F1-Macro: 0.7984 (in Epoch 430)
2022-11-11 15:51:17 [INFO] [Train] Epoch: 441, Loss: 0.18261
2022-11-11 15:51:17 [INFO] [Train] Epoch: 442, Loss: 0.18442
2022-11-11 15:51:17 [INFO] [Train] Epoch: 443, Loss: 0.17833
2022-11-11 15:51:18 [INFO] [Train] Epoch: 444, Loss: 0.18045
2022-11-11 15:51:18 [INFO] [Train] Epoch: 445, Loss: 0.18557
2022-11-11 15:51:18 [INFO] [Train] Epoch: 446, Loss: 0.19025
2022-11-11 15:51:18 [INFO] [Train] Epoch: 447, Loss: 0.18580
2022-11-11 15:51:18 [INFO] [Train] Epoch: 448, Loss: 0.18542
2022-11-11 15:51:18 [INFO] [Train] Epoch: 449, Loss: 0.18027
2022-11-11 15:51:18 [INFO] [Train] Epoch: 450, Loss: 0.17712
2022-11-11 15:51:20 [WARNING] Linear模型尚未完全收敛！
2022-11-11 15:51:20 [INFO] [Val] Epoch: 450, Val F1-Micro: 0.8020, Best Val F1-Micro: 0.8040 (in Epoch 340), Val F1-Macro: 0.8112, Best Val F1-Macro: 0.8129 (in Epoch 430)
2022-11-11 15:51:20 [INFO] [Test] Epoch: 450, Test F1-Micro: 0.7950, Best Test F1-Micro: 0.7970 (in Epoch 420), Test F1-Macro: 0.7968, Best Test F1-Macro: 0.7984 (in Epoch 430)
2022-11-11 15:51:20 [INFO] [Train] Epoch: 451, Loss: 0.18067
2022-11-11 15:51:20 [INFO] [Train] Epoch: 452, Loss: 0.18449
2022-11-11 15:51:20 [INFO] [Train] Epoch: 453, Loss: 0.18941
2022-11-11 15:51:21 [INFO] [Train] Epoch: 454, Loss: 0.18632
2022-11-11 15:51:21 [INFO] [Train] Epoch: 455, Loss: 0.19055
2022-11-11 15:51:21 [INFO] [Train] Epoch: 456, Loss: 0.18728
2022-11-11 15:51:21 [INFO] [Train] Epoch: 457, Loss: 0.17784
2022-11-11 15:51:21 [INFO] [Train] Epoch: 458, Loss: 0.17916
2022-11-11 15:51:21 [INFO] [Train] Epoch: 459, Loss: 0.18163
2022-11-11 15:51:21 [INFO] [Train] Epoch: 460, Loss: 0.18428
2022-11-11 15:51:23 [WARNING] Linear模型尚未完全收敛！
2022-11-11 15:51:23 [INFO] [Val] Epoch: 460, Val F1-Micro: 0.7960, Best Val F1-Micro: 0.8040 (in Epoch 340), Val F1-Macro: 0.8052, Best Val F1-Macro: 0.8129 (in Epoch 430)
2022-11-11 15:51:23 [INFO] [Test] Epoch: 460, Test F1-Micro: 0.7950, Best Test F1-Micro: 0.7970 (in Epoch 420), Test F1-Macro: 0.7965, Best Test F1-Macro: 0.7984 (in Epoch 430)
2022-11-11 15:51:23 [INFO] [Train] Epoch: 461, Loss: 0.18602
2022-11-11 15:51:23 [INFO] [Train] Epoch: 462, Loss: 0.18495
2022-11-11 15:51:24 [INFO] [Train] Epoch: 463, Loss: 0.17789
2022-11-11 15:51:24 [INFO] [Train] Epoch: 464, Loss: 0.17783
2022-11-11 15:51:24 [INFO] [Train] Epoch: 465, Loss: 0.17574
2022-11-11 15:51:24 [INFO] [Train] Epoch: 466, Loss: 0.17656
2022-11-11 15:51:24 [INFO] [Train] Epoch: 467, Loss: 0.17983
2022-11-11 15:51:24 [INFO] [Train] Epoch: 468, Loss: 0.17854
2022-11-11 15:51:24 [INFO] [Train] Epoch: 469, Loss: 0.17330
2022-11-11 15:51:24 [INFO] [Train] Epoch: 470, Loss: 0.17588
2022-11-11 15:51:26 [WARNING] Linear模型尚未完全收敛！
2022-11-11 15:51:26 [INFO] [Val] Epoch: 470, Val F1-Micro: 0.8020, Best Val F1-Micro: 0.8040 (in Epoch 340), Val F1-Macro: 0.8104, Best Val F1-Macro: 0.8129 (in Epoch 430)
2022-11-11 15:51:26 [INFO] [Test] Epoch: 470, Test F1-Micro: 0.7960, Best Test F1-Micro: 0.7970 (in Epoch 420), Test F1-Macro: 0.7977, Best Test F1-Macro: 0.7984 (in Epoch 430)
2022-11-11 15:51:26 [INFO] [Train] Epoch: 471, Loss: 0.17390
2022-11-11 15:51:27 [INFO] [Train] Epoch: 472, Loss: 0.17501
2022-11-11 15:51:27 [INFO] [Train] Epoch: 473, Loss: 0.17287
2022-11-11 15:51:27 [INFO] [Train] Epoch: 474, Loss: 0.17482
2022-11-11 15:51:27 [INFO] [Train] Epoch: 475, Loss: 0.17275
2022-11-11 15:51:27 [INFO] [Train] Epoch: 476, Loss: 0.17707
2022-11-11 15:51:27 [INFO] [Train] Epoch: 477, Loss: 0.17682
2022-11-11 15:51:27 [INFO] [Train] Epoch: 478, Loss: 0.17242
2022-11-11 15:51:27 [INFO] [Train] Epoch: 479, Loss: 0.16989
2022-11-11 15:51:27 [INFO] [Train] Epoch: 480, Loss: 0.16921
2022-11-11 15:51:29 [WARNING] Linear模型尚未完全收敛！
2022-11-11 15:51:29 [INFO] [Val] Epoch: 480, Val F1-Micro: 0.7980, Best Val F1-Micro: 0.8040 (in Epoch 340), Val F1-Macro: 0.8069, Best Val F1-Macro: 0.8129 (in Epoch 430)
2022-11-11 15:51:29 [INFO] [Test] Epoch: 480, Test F1-Micro: 0.7980, Best Test F1-Micro: 0.7980 (in Epoch 480), Test F1-Macro: 0.7999, Best Test F1-Macro: 0.7999 (in Epoch 480)
2022-11-11 15:51:29 [INFO] [Train] Epoch: 481, Loss: 0.16673
2022-11-11 15:51:30 [INFO] [Train] Epoch: 482, Loss: 0.17219
2022-11-11 15:51:30 [INFO] [Train] Epoch: 483, Loss: 0.16913
2022-11-11 15:51:30 [INFO] [Train] Epoch: 484, Loss: 0.16891
2022-11-11 15:51:30 [INFO] [Train] Epoch: 485, Loss: 0.16546
2022-11-11 15:51:30 [INFO] [Train] Epoch: 486, Loss: 0.16783
2022-11-11 15:51:30 [INFO] [Train] Epoch: 487, Loss: 0.16885
2022-11-11 15:51:30 [INFO] [Train] Epoch: 488, Loss: 0.17021
2022-11-11 15:51:30 [INFO] [Train] Epoch: 489, Loss: 0.16803
2022-11-11 15:51:31 [INFO] [Train] Epoch: 490, Loss: 0.16578
2022-11-11 15:51:33 [WARNING] Linear模型尚未完全收敛！
2022-11-11 15:51:33 [INFO] [Val] Epoch: 490, Val F1-Micro: 0.7960, Best Val F1-Micro: 0.8040 (in Epoch 340), Val F1-Macro: 0.8052, Best Val F1-Macro: 0.8129 (in Epoch 430)
2022-11-11 15:51:33 [INFO] [Test] Epoch: 490, Test F1-Micro: 0.7950, Best Test F1-Micro: 0.7980 (in Epoch 480), Test F1-Macro: 0.7965, Best Test F1-Macro: 0.7999 (in Epoch 480)
2022-11-11 15:51:33 [INFO] [Train] Epoch: 491, Loss: 0.16803
2022-11-11 15:51:33 [INFO] [Train] Epoch: 492, Loss: 0.17132
2022-11-11 15:51:33 [INFO] [Train] Epoch: 493, Loss: 0.16758
2022-11-11 15:51:33 [INFO] [Train] Epoch: 494, Loss: 0.17541
2022-11-11 15:51:33 [INFO] [Train] Epoch: 495, Loss: 0.17867
2022-11-11 15:51:33 [INFO] [Train] Epoch: 496, Loss: 0.19603
2022-11-11 15:51:33 [INFO] [Train] Epoch: 497, Loss: 0.19381
2022-11-11 15:51:33 [INFO] [Train] Epoch: 498, Loss: 0.20593
2022-11-11 15:51:33 [INFO] [Train] Epoch: 499, Loss: 0.17951
2022-11-11 15:51:34 [INFO] [Train] Epoch: 500, Loss: 0.16624
2022-11-11 15:51:36 [WARNING] Linear模型尚未完全收敛！
2022-11-11 15:51:36 [INFO] [Val] Epoch: 500, Val F1-Micro: 0.7980, Best Val F1-Micro: 0.8040 (in Epoch 340), Val F1-Macro: 0.8077, Best Val F1-Macro: 0.8129 (in Epoch 430)
2022-11-11 15:51:36 [INFO] [Test] Epoch: 500, Test F1-Micro: 0.7950, Best Test F1-Micro: 0.7980 (in Epoch 480), Test F1-Macro: 0.7965, Best Test F1-Macro: 0.7999 (in Epoch 480)
